Log file open, 09/07/17 20:20:49
LogWindows: LoadLibraryWithSearchPaths failed for file aqProf.dll. GetLastError=0
LogWindows: LoadLibraryWithSearchPaths failed for file VtuneApi.dll. GetLastError=0
LogWindows: LoadLibraryWithSearchPaths failed for file VtuneApi32e.dll. GetLastError=0
LogInit: Display: Running engine for game: Medevil_Bash
LogPlatformFile: Not using cached read wrapper
LogInit: Display: RandInit(1234930633) SRandInit(1234930633).
LogTaskGraph: Started task graph with 5 named threads and 14 total threads with 3 sets of task threads.
LogStats: Stats thread started at 0.185270
LogD3D11RHI: Aftermath initialized
LogPluginManager: Mounting plugin Paper2D
LogPluginManager: Mounting plugin LightPropagationVolume
LogPluginManager: Mounting plugin CodeLiteSourceCodeAccess
LogPluginManager: Mounting plugin GitSourceControl
LogPluginManager: Mounting plugin KDevelopSourceCodeAccess
LogPluginManager: Mounting plugin NullSourceCodeAccess
LogPluginManager: Mounting plugin PerforceSourceControl
LogPluginManager: Mounting plugin SubversionSourceControl
LogPluginManager: Mounting plugin UObjectPlugin
LogPluginManager: Mounting plugin VisualStudioSourceCodeAccess
LogPluginManager: Mounting plugin XCodeSourceCodeAccess
LogPluginManager: Mounting plugin AssetManagerEditor
LogPluginManager: Mounting plugin AudioCapture
LogPluginManager: Mounting plugin FacialAnimation
LogPluginManager: Mounting plugin GameplayTagsEditor
LogPluginManager: Mounting plugin MobileLauncherProfileWizard
LogPluginManager: Mounting plugin PluginBrowser
LogPluginManager: Mounting plugin SpeedTreeImporter
LogPluginManager: Mounting plugin AlembicImporter
LogPluginManager: Mounting plugin CharacterAI
LogPluginManager: Mounting plugin HTML5Networking
LogPluginManager: Mounting plugin AndroidMedia
LogPluginManager: Mounting plugin AvfMedia
LogPluginManager: Mounting plugin MediaPlayerEditor
LogPluginManager: Mounting plugin WmfMedia
LogPluginManager: Mounting plugin TcpMessaging
LogPluginManager: Mounting plugin UdpMessaging
LogPluginManager: Mounting plugin LevelSequenceEditor
LogPluginManager: Mounting plugin MatineeToLevelSequence
LogPluginManager: Mounting plugin OnlineSubsystemGooglePlay
LogPluginManager: Mounting plugin OnlineSubsystemIOS
LogPluginManager: Mounting plugin OnlineSubsystem
LogPluginManager: Mounting plugin OnlineSubsystemNull
LogPluginManager: Mounting plugin OnlineSubsystemUtils
LogPluginManager: Mounting plugin AndroidDeviceProfileSelector
LogPluginManager: Mounting plugin AndroidMoviePlayer
LogPluginManager: Mounting plugin AndroidPermission
LogPluginManager: Mounting plugin AppleMoviePlayer
LogPluginManager: Mounting plugin ArchVisCharacter
LogPluginManager: Mounting plugin CableComponent
LogPluginManager: Mounting plugin CustomMeshComponent
LogPluginManager: Mounting plugin ExampleDeviceProfileSelector
LogPluginManager: Mounting plugin GoogleCloudMessaging
LogPluginManager: Mounting plugin ImmediatePhysics
LogPluginManager: Mounting plugin IOSDeviceProfileSelector
LogPluginManager: Mounting plugin LinuxDeviceProfileSelector
LogPluginManager: Mounting plugin LocationServicesBPLibrary
LogPluginManager: Mounting plugin MobilePatchingUtils
LogPluginManager: Mounting plugin OculusVR
LogPluginManager: Mounting plugin PhysXVehicles
LogPluginManager: Mounting plugin ProceduralMeshComponent
LogPluginManager: Mounting plugin RuntimePhysXCooking
LogPluginManager: Mounting plugin SteamVR
LogPluginManager: Mounting plugin WindowsMoviePlayer
LogInit: Using libcurl 7.47.1
LogInit:  - built for x86_64-pc-win32
LogInit:  - supports SSL with OpenSSL/1.0.2g
LogInit:  - supports HTTP deflate (compression) using libz 1.2.8
LogInit:  - other features:
LogInit:      CURL_VERSION_SSL
LogInit:      CURL_VERSION_LIBZ
LogInit:      CURL_VERSION_IPV6
LogInit:      CURL_VERSION_ASYNCHDNS
LogInit:      CURL_VERSION_LARGEFILE
LogInit:      CURL_VERSION_IDN
LogInit:  CurlRequestOptions (configurable via config and command line):
LogInit:  - bVerifyPeer = false  - Libcurl will NOT verify peer certificate
LogInit:  - bUseHttpProxy = false  - Libcurl will NOT use HTTP proxy
LogInit:  - bDontReuseConnections = false  - Libcurl will reuse connections
LogInit:  - CertBundlePath = nullptr  - Libcurl will use whatever was configured at build time.
LogInit: Build: ++UE4+Release-4.17-CL-3586342
LogInit: Engine Version: 4.17.1-3586342+++UE4+Release-4.17
LogInit: Compatible Engine Version: 4.17.0-3573198+++UE4+Release-4.17
LogInit: Net CL: 3573198
LogDevObjectVersion: Number of dev versions registered: 16
LogDevObjectVersion:   Dev-Blueprints (B0D832E4-1F89-4F0D-ACCF-7EB736FD4AA2): 10
LogDevObjectVersion:   Dev-Build (E1C64328-A22C-4D53-A36C-8E866417BD8C): 0
LogDevObjectVersion:   Dev-Core (375EC13C-06E4-48FB-B500-84F0262A717E): 2
LogDevObjectVersion:   Dev-Editor (E4B068ED-F494-42E9-A231-DA0B2E46BB41): 20
LogDevObjectVersion:   Dev-Framework (CFFC743F-43B0-4480-9391-14DF171D2073): 28
LogDevObjectVersion:   Dev-Mobile (B02B49B5-BB20-44E9-A304-32B752E40360): 0
LogDevObjectVersion:   Dev-Networking (A4E4105C-59A1-49B5-A7C5-40C4547EDFEE): 0
LogDevObjectVersion:   Dev-Online (39C831C9-5AE6-47DC-9A44-9C173E1C8E7C): 0
LogDevObjectVersion:   Dev-Physics (78F01B33-EBEA-4F98-B9B4-84EACCB95AA2): 0
LogDevObjectVersion:   Dev-Platform (6631380F-2D4D-43E0-8009-CF276956A95A): 0
LogDevObjectVersion:   Dev-Rendering (12F88B9F-8875-4AFC-A67C-D90C383ABD29): 19
LogDevObjectVersion:   Dev-Sequencer (7B5AE74C-D270-4C10-A958-57980B212A5A): 4
LogDevObjectVersion:   Dev-VR (D7296918-1DD6-4BDD-9DE2-64A83CC13884): 0
LogDevObjectVersion:   Dev-LoadTimes (C2A15278-BFE7-4AFE-6C17-90FF531DF755): 1
LogDevObjectVersion:   Private-Geometry (6EACA3D4-40EC-4CC1-B786-8BED09428FC5): 1
LogDevObjectVersion:   Dev-AnimPhys (29E575DD-E0A3-4627-9D10-D276232CDCEA): 7
LogInit: Compiled (64-bit): Aug 15 2017 02:05:26
LogInit: Compiled with Visual C++: 19.00.24215.01
LogInit: Build Configuration: Development
LogInit: Branch Name: ++UE4+Release-4.17
LogInit: Command line:  
LogInit: Base directory: E:/Unreal Engine/UE_4.17/Engine/Binaries/Win64/
LogInit: Installed Engine Build: 1
LogInit: Presizing for max 8388607 objects, including 0 objects not considered by GC, pre-allocating 0 bytes for permanent pool.
LogInit: Object subsystem initialized
[2017.09.08-01.20.49:815][  0]LogInit: Selected Device Profile: [Windows]
[2017.09.08-01.20.49:815][  0]LogInit: Applying CVar settings loaded from the selected device profile: [Windows]
[2017.09.08-01.20.49:825][  0]LogInit: Computer: ROBBIE-DESKTOP
[2017.09.08-01.20.49:825][  0]LogInit: User: Robbie
[2017.09.08-01.20.49:825][  0]LogInit: CPU Page size=4096, Cores=4
[2017.09.08-01.20.49:825][  0]LogInit: High frequency timer resolution =3.421330 MHz
[2017.09.08-01.20.49:825][  0]LogMemory: Memory total: Physical=16.0GB (16GB approx)
[2017.09.08-01.20.49:825][  0]LogMemory: Platform Memory Stats for Windows
[2017.09.08-01.20.49:825][  0]LogMemory: Process Physical Memory: 279.21 MB used, 279.21 MB peak
[2017.09.08-01.20.49:825][  0]LogMemory: Process Virtual Memory: 282.59 MB used, 282.59 MB peak
[2017.09.08-01.20.49:825][  0]LogMemory: Physical Memory: 5174.69 MB used,  11164.97 MB free, 16339.66 MB total
[2017.09.08-01.20.49:825][  0]LogMemory: Virtual Memory: 677.19 MB used,  11164.97 MB free, 134217728.00 MB total
[2017.09.08-01.20.49:984][  0]LogInit: Using OS detected language (en-US).
[2017.09.08-01.20.49:984][  0]LogInit: Using OS detected locale (en-US).
[2017.09.08-01.20.49:989][  0]LogTextLocalizationManager: No specific localization for 'en-US' exists, so the 'en' localization will be used.
[2017.09.08-01.20.50:770][  0]LogD3D11RHI: D3D11 adapters:
[2017.09.08-01.20.50:786][  0]LogD3D11RHI:    0. 'AMD Radeon R9 200 Series' (Feature Level 11_0)
[2017.09.08-01.20.50:786][  0]LogD3D11RHI:       3052/0/8169 MB DedicatedVideo/DedicatedSystem/SharedSystem, Outputs:2, VendorId:0x1002
[2017.09.08-01.20.50:788][  0]LogD3D11RHI:    1. 'Microsoft Basic Render Driver' (Feature Level 11_0)
[2017.09.08-01.20.50:788][  0]LogD3D11RHI:       0/0/8169 MB DedicatedVideo/DedicatedSystem/SharedSystem, Outputs:0, VendorId:0x1414
[2017.09.08-01.20.50:788][  0]LogD3D11RHI: Chosen D3D11 Adapter: 0
[2017.09.08-01.20.50:792][  0]LogD3D11RHI: Creating new Direct3DDevice
[2017.09.08-01.20.50:792][  0]LogD3D11RHI:     GPU DeviceId: 0x6798 (for the marketing name, search the web for "GPU Device Id")
[2017.09.08-01.20.50:792][  0]LogWindows: EnumDisplayDevices:
[2017.09.08-01.20.50:792][  0]LogWindows:    0. 'AMD Radeon R9 200 Series' (P:0 D:1)
[2017.09.08-01.20.50:793][  0]LogWindows:    1. 'AMD Radeon R9 200 Series' (P:1 D:1)
[2017.09.08-01.20.50:795][  0]LogWindows:    2. 'AMD Radeon R9 200 Series' (P:0 D:0)
[2017.09.08-01.20.50:796][  0]LogWindows:    3. 'AMD Radeon R9 200 Series' (P:0 D:0)
[2017.09.08-01.20.50:797][  0]LogWindows:    4. 'AMD Radeon R9 200 Series' (P:0 D:0)
[2017.09.08-01.20.50:798][  0]LogWindows:    5. 'AMD Radeon R9 200 Series' (P:0 D:0)
[2017.09.08-01.20.50:799][  0]LogWindows: DebugString: FoundDriverCount:6 
[2017.09.08-01.20.50:799][  0]LogD3D11RHI:     Adapter Name: AMD Radeon R9 200 Series
[2017.09.08-01.20.50:799][  0]LogD3D11RHI:   Driver Version: Crimson ReLive 17.7.2 (internal:22.19.662.4, unified:22.19.662.4)
[2017.09.08-01.20.50:799][  0]LogD3D11RHI:      Driver Date: 7-20-2017
[2017.09.08-01.20.50:799][  0]LogRHI: Texture pool is 1361 MB (70% of 1945 MB)
[2017.09.08-01.20.50:928][  0]LogD3D11RHI: Async texture creation enabled
[2017.09.08-01.20.50:941][  0]LogD3D11RHI: GPU Timing Frequency: 27.000000 (Debug: 2 1)
[2017.09.08-01.20.50:942][  0]LogShaderCompilers: Guid format shader working directory is 11 characters bigger than the processId version (C:/Unreal Medevil bash/Medieval-Bash/Intermediate/Shaders/WorkingDirectory/9952/).
[2017.09.08-01.20.50:942][  0]LogShaderCompilers: Cleaned the shader compiler working directory 'C:/Users/Robbie/AppData/Local/Temp/UnrealShaderWorkingDir/32236C3642692A46AEF8F789C7522865/'.
[2017.09.08-01.20.50:942][  0]LogShaderCompilers: Display: Using Local Shader Compiler.
[2017.09.08-01.20.51:974][  0]LogTemp: Display: Loaded TP AllDesktopTargetPlatform
[2017.09.08-01.20.52:030][  0]LogTemp: Display: Loaded TP MacClientTargetPlatform
[2017.09.08-01.20.52:086][  0]LogTemp: Display: Loaded TP MacNoEditorTargetPlatform
[2017.09.08-01.20.52:144][  0]LogTemp: Display: Loaded TP MacServerTargetPlatform
[2017.09.08-01.20.52:200][  0]LogTemp: Display: Loaded TP MacTargetPlatform
[2017.09.08-01.20.52:256][  0]LogTemp: Display: Loaded TP WindowsClientTargetPlatform
[2017.09.08-01.20.52:309][  0]LogTemp: Display: Loaded TP WindowsNoEditorTargetPlatform
[2017.09.08-01.20.52:362][  0]LogTemp: Display: Loaded TP WindowsServerTargetPlatform
[2017.09.08-01.20.52:410][  0]LogTemp: Display: Loaded TP WindowsTargetPlatform
[2017.09.08-01.20.52:466][  0]LogTemp: Display: Loaded TP AndroidTargetPlatform
[2017.09.08-01.20.52:518][  0]LogTemp: Display: Loaded TP Android_ASTCTargetPlatform
[2017.09.08-01.20.52:572][  0]LogTemp: Display: Loaded TP Android_ATCTargetPlatform
[2017.09.08-01.20.52:629][  0]LogTemp: Display: Loaded TP Android_DXTTargetPlatform
[2017.09.08-01.20.52:683][  0]LogTemp: Display: Loaded TP Android_ETC1TargetPlatform
[2017.09.08-01.20.52:735][  0]LogTemp: Display: Loaded TP Android_ETC2TargetPlatform
[2017.09.08-01.20.52:847][  0]LogTemp: Display: Loaded TP Android_MultiTargetPlatform
[2017.09.08-01.20.52:847][  0]LogTemp: Display: Loaded TP Android_PVRTCTargetPlatform
[2017.09.08-01.20.52:889][  0]LogTemp: Display: Loaded TP HTML5TargetPlatform
[2017.09.08-01.20.52:985][  0]LogTemp: Display: Loaded TP IOSTargetPlatform
[2017.09.08-01.20.53:016][  0]LogTemp: Display: Loaded TP TVOSTargetPlatform
[2017.09.08-01.20.53:070][  0]LogTemp: Display: Loaded TP LinuxClientTargetPlatform
[2017.09.08-01.20.53:123][  0]LogTemp: Display: Loaded TP LinuxNoEditorTargetPlatform
[2017.09.08-01.20.53:185][  0]LogTemp: Display: Loaded TP LinuxServerTargetPlatform
[2017.09.08-01.20.53:239][  0]LogTemp: Display: Loaded TP LinuxTargetPlatform
[2017.09.08-01.20.53:239][  0]LogTargetPlatformManager: Display: Building Assets For Windows
[2017.09.08-01.20.53:734][  0]LogDerivedDataCache: Display: Max Cache Size: 512 MB
[2017.09.08-01.20.53:809][  0]LogDerivedDataCache: Loaded boot cache 0.07s 93MB C:/Users/Robbie/AppData/Local/UnrealEngine/4.17/DerivedDataCache/Boot.ddc.
[2017.09.08-01.20.53:809][  0]LogDerivedDataCache: Display: Loaded Boot cache: C:/Users/Robbie/AppData/Local/UnrealEngine/4.17/DerivedDataCache/Boot.ddc
[2017.09.08-01.20.53:809][  0]LogDerivedDataCache: FDerivedDataBackendGraph:  Pak pak cache file C:/Unreal Medevil bash/Medieval-Bash/DerivedDataCache/DDC.ddp not found, will not use a pak cache.
[2017.09.08-01.20.53:809][  0]LogDerivedDataCache: Unable to find inner node Pak for hierarchical cache Hierarchy.
[2017.09.08-01.20.53:809][  0]LogDerivedDataCache: FDerivedDataBackendGraph:  CompressedPak pak cache file C:/Unreal Medevil bash/Medieval-Bash/DerivedDataCache/Compressed.ddp not found, will not use a pak cache.
[2017.09.08-01.20.53:809][  0]LogDerivedDataCache: Unable to find inner node CompressedPak for hierarchical cache Hierarchy.
[2017.09.08-01.20.53:828][  0]LogDerivedDataCache: Display: Pak cache opened for reading ../../../Engine/DerivedDataCache/Compressed.ddp.
[2017.09.08-01.20.53:840][  0]LogDerivedDataCache: Using Local data cache path C:/Users/Robbie/AppData/Local/UnrealEngine/Common/DerivedDataCache: Writable
[2017.09.08-01.20.53:852][  0]LogMaterial: Verifying Global Shaders for PCD3D_SM5
[2017.09.08-01.20.53:852][  0]LogSlate: Using Freetype 2.6.0
[2017.09.08-01.20.53:853][  0]LogSlate: SlateFontCache - WITH_FREETYPE: 1, WITH_HARFBUZZ: 1
[2017.09.08-01.20.53:853][  0]LogSlate: SlateFontCache - WITH_FREETYPE: 1, WITH_HARFBUZZ: 1
[2017.09.08-01.20.54:177][  0]LogAssetRegistry: FAssetRegistry took 0.0265 seconds to start up
[2017.09.08-01.20.54:346][  0]LogInit: Selected Device Profile: [Windows]
[2017.09.08-01.20.54:751][  0]LogSimplygon: Simplygon DLL not present - disabling.
[2017.09.08-01.20.54:792][  0]LogMeshReduction: Using SimplygonSwarm for distributed automatic mesh merging
[2017.09.08-01.20.54:792][  0]LogMeshReduction: Using QuadricMeshReduction for automatic static mesh reduction
[2017.09.08-01.20.54:792][  0]LogMeshReduction: No automatic skeletal mesh reduction module available
[2017.09.08-01.20.54:792][  0]LogMeshReduction: No automatic mesh merging module available
[2017.09.08-01.20.54:792][  0]LogMeshMerging: No automatic mesh merging module available
[2017.09.08-01.20.54:816][  0]LogContentStreaming: Texture pool size is 0.00 MB
[2017.09.08-01.20.55:270][  0]LogNetVersion: Medevil_Bash , NetCL: 3573198, EngineNetVer: 2, GameNetVer: 0 (Checksum: 3665025374)
[2017.09.08-01.20.55:495][  0]LogPackageLocalizationCache: Processed 5 localized package path(s) for 2 prioritized culture(s) in 0.042379 seconds
[2017.09.08-01.20.55:502][  0]LogUObjectArray: 35825 objects as part of root set at end of initial load.
[2017.09.08-01.20.55:502][  0]LogUObjectAllocator: 7529104 out of 0 bytes used by permanent object pool.
[2017.09.08-01.20.55:502][  0]LogUObjectArray: CloseDisregardForGC: 0/0 objects in disregard for GC pool
[2017.09.08-01.20.55:564][  0]LogInit: WinSock: version 1.1 (2.2), MaxSocks=32767, MaxUdp=65467
[2017.09.08-01.20.58:284][  0]LogTcpMessaging: Initializing TcpMessaging bridge
[2017.09.08-01.20.58:328][  0]LogUdpMessaging: Initializing bridge on interface 0.0.0.0:0 to multicast group 230.0.0.1:6666.
[2017.09.08-01.20.59:025][  0]LogMaterial: Uniform references updated for custom material expression Custom.
[2017.09.08-01.20.59:473][  0]SourceControl: Source control is disabled
[2017.09.08-01.21.00:811][  0]LogAndroidPermission: UAndroidPermissionCallbackProxy::GetInstance
[2017.09.08-01.21.01:080][  0]LogOcInput: OculusInput pre-init called
[2017.09.08-01.21.01:370][  0]LogEngine: Initializing Engine...
[2017.09.08-01.21.01:383][  0]LogHMD: Failed to initialize OpenVR with code 108
[2017.09.08-01.21.01:634][  0]LogStats: UGameplayTagsManager::ConstructGameplayTagTree: Construct from data asset -  0.000 s
[2017.09.08-01.21.01:634][  0]LogStats: UGameplayTagsManager::ConstructGameplayTagTree: GameplayTagTreeChangedEvent.Broadcast -  0.000 s
[2017.09.08-01.21.01:763][  0]LogAIModule: Creating AISystem for world Untitled
[2017.09.08-01.21.01:818][  0]LogInit: XAudio2 using 'Speakers (VIA HD Audio)' : 2 channels at 48 kHz using 32 bits per sample (channel mask 0x3)
[2017.09.08-01.21.01:855][  0]LogInit: FAudioDevice initialized.
[2017.09.08-01.21.02:124][  0]LogDerivedDataCache: Saved boot cache 0.27s 93MB C:/Users/Robbie/AppData/Local/UnrealEngine/4.17/DerivedDataCache/Boot.ddc.
[2017.09.08-01.21.02:133][  0]LogInit: Texture streaming: Enabled
[2017.09.08-01.21.02:244][  0]LogEngineSessionManager: EngineSessionManager initialized
[2017.09.08-01.21.02:467][  0]LogInit: Transaction tracking system initialized
[2017.09.08-01.21.02:784][  0]BlueprintLog: New page: Editor Load
[2017.09.08-01.21.03:704][  0]LocalizationService: Localization service is disabled
[2017.09.08-01.21.04:417][  0]LogConsoleResponse: Display: 
[2017.09.08-01.21.04:625][  0]LogCook: Display: Max memory allowance for cook 16384mb min free memory 0mb
[2017.09.08-01.21.04:625][  0]LogCook: Display: Mobile HDR setting 1
[2017.09.08-01.21.04:625][  0]LogGameplayTags: Display: UGameplayTagsManager::DoneAddingNativeTags. DelegateIsBound: 0
[2017.09.08-01.21.04:656][  0]LogFileCache: Scanning file cache for directory 'C:/Unreal Medevil bash/Medieval-Bash/Content/' took 0.03s
[2017.09.08-01.21.05:725][  0]Cmd: MAP LOAD FILE="C:/Unreal Medevil bash/Medieval-Bash/Content/Maps/Battle_areana.umap" TEMPLATE=0 SHOWPROGRESS=1 FEATURELEVEL=3
[2017.09.08-01.21.05:726][  0]LightingResults: New page: Lighting Build
[2017.09.08-01.21.05:769][  0]MapCheck: New page: Map Check
[2017.09.08-01.21.05:769][  0]LightingResults: New page: Lighting Build
[2017.09.08-01.21.06:115][  0]LogAIModule: Creating AISystem for world Battle_areana
[2017.09.08-01.21.06:168][  0]LogEditorServer: Finished looking for orphan Actors (0.000 secs)
[2017.09.08-01.21.06:189][  0]Cmd: MAP CHECKDEP NOCLEARLOG
[2017.09.08-01.21.06:251][  0]MapCheck: Map check complete: 0 Error(s), 0 Warning(s), took 62.51ms to complete.
[2017.09.08-01.21.06:251][  0]LogFileHelpers: Loading map 'Battle_areana' took 0.527
[2017.09.08-01.21.06:437][  0]LogCollectionManager: Loaded 0 collections in 0.001937 seconds
[2017.09.08-01.21.06:533][  0]LogFileCache: Scanning file cache for directory 'C:/Unreal Medevil bash/Medieval-Bash/Saved/Collections/' took 0.01s
[2017.09.08-01.21.06:533][  0]LogFileCache: Scanning file cache for directory 'C:/Unreal Medevil bash/Medieval-Bash/Content/Developers/Robbie/Collections/' took 0.01s
[2017.09.08-01.21.06:533][  0]LogFileCache: Scanning file cache for directory 'C:/Unreal Medevil bash/Medieval-Bash/Content/Collections/' took 0.01s
[2017.09.08-01.21.06:533][  0]LogCollectionManager: Rebuilt the GUID cache for 0 collections in 0.000001 seconds
[2017.09.08-01.21.06:544][  0]LogContentBrowser: Native class hierarchy populated in 0.0113 seconds. Added 2386 classes and 500 folders.
[2017.09.08-01.21.06:619][  0]LogContentBrowser: Native class hierarchy updated for 'WidgetCarousel' in 0.0012 seconds. Added 0 classes and 0 folders.
[2017.09.08-01.21.06:684][  0]LogContentBrowser: Native class hierarchy updated for 'AddContentDialog' in 0.0011 seconds. Added 0 classes and 0 folders.
[2017.09.08-01.21.06:731][  0]LogContentBrowser: Native class hierarchy updated for 'SceneOutliner' in 0.0010 seconds. Added 1 classes and 2 folders.
[2017.09.08-01.21.06:754][  0]LogSlate: Took 0.000335 seconds to synchronously load lazily loaded font '../../../Engine/Content/Slate/Fonts/Roboto-Regular.ttf' (155K)
[2017.09.08-01.21.06:757][  0]LogSlate: Took 0.000283 seconds to synchronously load lazily loaded font '../../../Engine/Content/Slate/Fonts/Roboto-Bold.ttf' (160K)
[2017.09.08-01.21.06:762][  0]LogSlate: Took 0.000264 seconds to synchronously load lazily loaded font '../../../Engine/Content/Editor/Slate/Fonts/FontAwesome.ttf' (139K)
[2017.09.08-01.21.06:882][  0]LogRenderer: Reallocating scene render targets to support 1268x672 Format 10 NumSamples 1 (Frame:1).
[2017.09.08-01.21.07:070][  0]LogContentBrowser: Native class hierarchy updated for 'HierarchicalLODOutliner' in 0.0010 seconds. Added 1 classes and 2 folders.
[2017.09.08-01.21.07:070][  0]LogLoad: (Engine Initialization) Total time: 19.05 seconds
[2017.09.08-01.21.07:070][  0]LogLoad: (Engine Initialization) Total Blueprint compile time: 0.00 seconds
[2017.09.08-01.21.07:071][  0]LogExternalProfiler: Found external profiler: VSPerf
[2017.09.08-01.21.07:071][  0]LogExternalProfiler: Using external profiler: VSPerf
[2017.09.08-01.21.07:430][  0]SourceControl: On branch master
[2017.09.08-01.21.07:430][  0]SourceControl: Your branch is ahead of 'origin/master' by 1 commit.
[2017.09.08-01.21.07:430][  0]SourceControl:   (use "git push" to publish your local commits)
[2017.09.08-01.21.07:430][  0]SourceControl: Changes to be committed:
[2017.09.08-01.21.07:430][  0]SourceControl:   (use "git reset HEAD <file>..." to unstage)
[2017.09.08-01.21.07:430][  0]SourceControl: 	new file:   Content/HUDS/Options_menu.uasset
[2017.09.08-01.21.07:430][  0]SourceControl: Changes not staged for commit:
[2017.09.08-01.21.07:430][  0]SourceControl:   (use "git add/rm <file>..." to update what will be committed)
[2017.09.08-01.21.07:430][  0]SourceControl:   (use "git checkout -- <file>..." to discard changes in working directory)
[2017.09.08-01.21.07:430][  0]SourceControl: 	modified:   Content/HUDS/Main_Menu.uasset
[2017.09.08-01.21.07:430][  0]SourceControl: 	modified:   Content/HUDS/Options_menu.uasset
[2017.09.08-01.21.07:430][  0]SourceControl: 	modified:   Content/Maps/Battle_areana.umap
[2017.09.08-01.21.07:430][  0]SourceControl: 	modified:   Content/Maps/Battle_areana_BuiltData.uasset
[2017.09.08-01.21.07:430][  0]SourceControl: 	modified:   Intermediate/CachedAssetRegistry.bin
[2017.09.08-01.21.07:430][  0]SourceControl: 	modified:   Saved/AutoScreenshot.png
[2017.09.08-01.21.07:430][  0]SourceControl: 	modified:   Saved/Autosaves/Game/Maps/Battle_areana_Auto1.umap
[2017.09.08-01.21.07:430][  0]SourceControl: 	deleted:    Saved/Config/CrashReportClient/UE4CC-Windows-01884F5647D7C57BCFF02A8980C5FEF9/CrashReportClient.ini
[2017.09.08-01.21.07:430][  0]SourceControl: 	deleted:    Saved/Config/CrashReportClient/UE4CC-Windows-7A9DB7D44ADCCD7F485EFCA44B941154/CrashReportClient.ini
[2017.09.08-01.21.07:430][  0]SourceControl: 	modified:   Saved/Config/Windows/EditorPerProjectUserSettings.ini
[2017.09.08-01.21.07:430][  0]SourceControl: 	modified:   Saved/Config/Windows/Engine.ini
[2017.09.08-01.21.07:430][  0]SourceControl: 	deleted:    Saved/Logs/Medevil_Bash-backup-2017.09.02-11.31.36.log
[2017.09.08-01.21.07:430][  0]SourceControl: 	deleted:    Saved/Logs/Medevil_Bash-backup-2017.09.02-11.44.53.log
[2017.09.08-01.21.07:430][  0]SourceControl: 	deleted:    Saved/Logs/Medevil_Bash-backup-2017.09.02-15.27.04.log
[2017.09.08-01.21.07:430][  0]SourceControl: 	modified:   Saved/Logs/Medevil_Bash.log
[2017.09.08-01.21.07:430][  0]SourceControl: Untracked files:
[2017.09.08-01.21.07:430][  0]SourceControl:   (use "git add <file>..." to include in what will be committed)
[2017.09.08-01.21.07:430][  0]SourceControl: 	Saved/Autosaves/Game/HUDS/
[2017.09.08-01.21.07:430][  0]SourceControl: 	Saved/Autosaves/Game/Maps/Battle_areana_BuiltData_Auto1.uasset
[2017.09.08-01.21.07:431][  0]SourceControl: 	Saved/Backup/Battle_areana_2017-09-06-18-37-39.umap
[2017.09.08-01.21.07:431][  0]SourceControl: 	Saved/Backup/Battle_areana_BuiltData_2017-09-06-18-37-39.uasset
[2017.09.08-01.21.07:431][  0]SourceControl: 	Saved/Backup/Main_Menu_2017-09-06-21-39-43.uasset
[2017.09.08-01.21.07:431][  0]SourceControl: 	Saved/Backup/Main_Menu_2017-09-06-21-49-44.uasset
[2017.09.08-01.21.07:431][  0]SourceControl: 	Saved/Backup/Main_Menu_2017-09-06-22-12-26.uasset
[2017.09.08-01.21.07:431][  0]SourceControl: 	Saved/Backup/Main_Menu_2017-09-06-22-37-33.uasset
[2017.09.08-01.21.07:431][  0]SourceControl: 	Saved/Backup/Main_Menu_2017-09-07-19-36-20.uasset
[2017.09.08-01.21.07:431][  0]SourceControl: 	Saved/Backup/Options_menu_2017-09-07-19-41-52.uasset
[2017.09.08-01.21.07:431][  0]SourceControl: 	Saved/Config/CrashReportClient/UE4CC-Windows-83E34ED84114ECF6E71015B7E30279D9/
[2017.09.08-01.21.07:431][  0]SourceControl: 	Saved/Config/CrashReportClient/UE4CC-Windows-C1BE55054F6963157E6664BA4745E527/
[2017.09.08-01.21.07:431][  0]SourceControl: 	Saved/Config/CrashReportClient/UE4CC-Windows-C659A5214E78C767741E0CA79CB5BD89/
[2017.09.08-01.21.07:431][  0]SourceControl: 	Saved/Config/CrashReportClient/UE4CC-Windows-C8A20C504E0682FEABE84E97BA27FD7E/
[2017.09.08-01.21.07:431][  0]SourceControl: 	Saved/Config/CrashReportClient/UE4CC-Windows-E751E39048E58042C7A3B9A01AC2AB0B/
[2017.09.08-01.21.07:431][  0]SourceControl: 	Saved/Config/CrashReportClient/UE4CC-Windows-E833FB794DD81A2DE510A986D58F0833/
[2017.09.08-01.21.07:431][  0]SourceControl: 	Saved/Logs/Medevil_Bash-backup-2017.09.06-18.23.41.log
[2017.09.08-01.21.07:431][  0]SourceControl: 	Saved/Logs/Medevil_Bash-backup-2017.09.06-21.28.20.log
[2017.09.08-01.21.07:431][  0]SourceControl: 	Saved/Logs/Medevil_Bash-backup-2017.09.06-21.58.22.log
[2017.09.08-01.21.07:431][  0]SourceControl: 	Saved/Logs/Medevil_Bash-backup-2017.09.07-19.21.18.log
[2017.09.08-01.21.07:431][  0]SourceControl: 	Saved/Logs/Medevil_Bash-backup-2017.09.07-20.20.49.log
[2017.09.08-01.21.07:431][  0]SourceControl: 	Saved/Logs/Medevil_Bash_2.log
[2017.09.08-01.21.07:431][  0]LogContentStreaming: Texture pool size now 1000 MB
[2017.09.08-01.21.07:756][  1]LogAssetRegistry: Asset discovery search completed in 13.6006 seconds
[2017.09.08-01.21.07:759][  1]LogCollectionManager: Rebuilt the object cache for 0 collections in 0.000001 seconds (found 0 objects)
[2017.09.08-01.21.07:759][  1]LogCollectionManager: Fixed up redirectors for 0 collections in 0.000057 seconds (updated 0 objects)
[2017.09.08-01.21.11:750][ 13]LogSlate: Took 0.000183 seconds to synchronously load lazily loaded font '../../../Engine/Content/Slate/Fonts/Roboto-Light.ttf' (159K)
[2017.09.08-01.24.02:258][495]LogSlate: Took 0.000224 seconds to synchronously load lazily loaded font '../../../Engine/Content/Slate/Fonts/Roboto-Light.ttf' (159K)
[2017.09.08-01.24.02:702][495]LogContentBrowser: Native class hierarchy updated for 'BlueprintGraph' in 0.0014 seconds. Added 113 classes and 0 folders.
[2017.09.08-01.24.03:614][495]LogSlate: Took 0.000208 seconds to synchronously load lazily loaded font '../../../Engine/Content/Slate/Fonts/Roboto-Light.ttf' (159K)
[2017.09.08-01.24.03:614][495]LogSlate: Took 0.000172 seconds to synchronously load lazily loaded font '../../../Engine/Content/Editor/Slate/Fonts/Roboto-BoldCondensed.ttf' (158K)
[2017.09.08-01.24.17:654][317]LogWindowsTextInputMethodSystem: Display: IME system now deactivated.
[2017.09.08-01.24.17:818][318]Cmd: QUIT_EDITOR
[2017.09.08-01.24.17:848][318]LogExit: Preparing to exit.
[2017.09.08-01.24.18:608][318]LogExit: Editor shut down
[2017.09.08-01.24.18:630][318]LogExit: Transaction tracking system shut down
[2017.09.08-01.24.18:759][318]LogDirectoryWatcher: A directory notification for '../../../Engine/Content/' was aborted.
[2017.09.08-01.24.18:759][318]LogDirectoryWatcher: A directory notification for 'C:/Unreal Medevil bash/Medieval-Bash/Content/' was aborted.
[2017.09.08-01.24.18:759][318]LogDirectoryWatcher: A directory notification for '../../../Engine/Plugins/2D/Paper2D/Content/' was aborted.
[2017.09.08-01.24.18:759][318]LogDirectoryWatcher: A directory notification for '../../../Engine/Plugins/Runtime/Oculus/OculusVR/Content/' was aborted.
[2017.09.08-01.24.18:759][318]LogDirectoryWatcher: A directory notification for '../../../Engine/Plugins/Runtime/Steam/SteamVR/Content/' was aborted.
[2017.09.08-01.24.18:846][318]LogExit: Object subsystem successfully closed.
[2017.09.08-01.24.18:866][318]LogD3D11RHI: Shutdown
[2017.09.08-01.24.18:866][318]LogD3D11RHI: CleanupD3DDevice
[2017.09.08-01.24.18:942][318]LogD3D11RHI: ~FD3D11DynamicRHI
[2017.09.08-01.24.18:951][318]LogModuleManager: Shutting down and abandoning module SequencerWidgets (536)
[2017.09.08-01.24.18:951][318]LogModuleManager: Shutting down and abandoning module BlueprintGraph (534)
[2017.09.08-01.24.18:951][318]LogModuleManager: Shutting down and abandoning module BlueprintProfiler (532)
[2017.09.08-01.24.18:951][318]LogModuleManager: Shutting down and abandoning module HierarchicalLODOutliner (530)
[2017.09.08-01.24.18:951][318]LogModuleManager: Shutting down and abandoning module SceneOutliner (528)
[2017.09.08-01.24.18:951][318]LogModuleManager: Shutting down and abandoning module AddContentDialog (526)
[2017.09.08-01.24.18:951][318]LogDirectoryWatcher: A directory notification for 'E:/Unreal Engine/UE_4.17/FeaturePacks/' was aborted.
[2017.09.08-01.24.18:952][318]LogModuleManager: Shutting down and abandoning module WidgetCarousel (525)
[2017.09.08-01.24.18:952][318]LogModuleManager: Shutting down and abandoning module EditorWidgets (522)
[2017.09.08-01.24.18:952][318]LogModuleManager: Shutting down and abandoning module CollectionManager (520)
[2017.09.08-01.24.18:952][318]LogDirectoryWatcher: A directory notification for 'C:/Unreal Medevil bash/Medieval-Bash/Content/Collections/' was aborted.
[2017.09.08-01.24.18:952][318]LogDirectoryWatcher: A directory notification for 'C:/Unreal Medevil bash/Medieval-Bash/Content/Developers/Robbie/Collections/' was aborted.
[2017.09.08-01.24.18:952][318]LogDirectoryWatcher: A directory notification for 'C:/Unreal Medevil bash/Medieval-Bash/Saved/Collections/' was aborted.
[2017.09.08-01.24.18:953][318]LogModuleManager: Shutting down and abandoning module StatsViewer (518)
[2017.09.08-01.24.18:953][318]LogModuleManager: Shutting down and abandoning module FoliageEdit (516)
[2017.09.08-01.24.18:953][318]LogModuleManager: Shutting down and abandoning module LandscapeEditor (514)
[2017.09.08-01.24.18:953][318]LogModuleManager: Shutting down and abandoning module MeshPaintMode (512)
[2017.09.08-01.24.18:953][318]LogModuleManager: Shutting down and abandoning module SceneDepthPickerMode (510)
[2017.09.08-01.24.18:953][318]LogModuleManager: Shutting down and abandoning module ActorPickerMode (508)
[2017.09.08-01.24.18:953][318]LogModuleManager: Shutting down and abandoning module GeometryMode (506)
[2017.09.08-01.24.18:953][318]LogModuleManager: Shutting down and abandoning module TextureAlignMode (504)
[2017.09.08-01.24.18:953][318]LogModuleManager: Shutting down and abandoning module BspMode (502)
[2017.09.08-01.24.18:953][318]LogModuleManager: Shutting down and abandoning module PIEPreviewDeviceProfileSelector (500)
[2017.09.08-01.24.18:953][318]LogModuleManager: Shutting down and abandoning module HardwareSurvey (498)
[2017.09.08-01.24.18:953][318]LogModuleManager: Shutting down and abandoning module SequenceRecorderSections (496)
[2017.09.08-01.24.18:953][318]LogModuleManager: Shutting down and abandoning module AutomationWorker (494)
[2017.09.08-01.24.18:953][318]LogModuleManager: Shutting down and abandoning module MatineeToLevelSequence (492)
[2017.09.08-01.24.18:953][318]LogModuleManager: Shutting down and abandoning module LevelSequenceEditor (490)
[2017.09.08-01.24.18:953][318]LogModuleManager: Shutting down and abandoning module PlacementMode (489)
[2017.09.08-01.24.18:953][318]LogModuleManager: Shutting down and abandoning module WmfMediaFactory (486)
[2017.09.08-01.24.18:953][318]LogModuleManager: Shutting down and abandoning module WmfMediaEditor (484)
[2017.09.08-01.24.18:953][318]LogModuleManager: Shutting down and abandoning module AvfMediaFactory (482)
[2017.09.08-01.24.18:953][318]LogModuleManager: Shutting down and abandoning module AvfMediaEditor (480)
[2017.09.08-01.24.18:953][318]LogModuleManager: Shutting down and abandoning module AndroidMediaFactory (478)
[2017.09.08-01.24.18:953][318]LogModuleManager: Shutting down and abandoning module Media (477)
[2017.09.08-01.24.18:953][318]LogModuleManager: Shutting down and abandoning module AndroidMediaEditor (474)
[2017.09.08-01.24.18:953][318]LogModuleManager: Shutting down and abandoning module CharacterAI (472)
[2017.09.08-01.24.18:953][318]LogModuleManager: Shutting down and abandoning module AudioCapture (470)
[2017.09.08-01.24.18:953][318]LogModuleManager: Shutting down and abandoning module SequenceRecorder (469)
[2017.09.08-01.24.18:953][318]LogModuleManager: Shutting down and abandoning module SmartSnapping (466)
[2017.09.08-01.24.18:953][318]LogModuleManager: Shutting down and abandoning module SessionServices (464)
[2017.09.08-01.24.18:953][318]LogModuleManager: Shutting down and abandoning module ViewportSnapping (462)
[2017.09.08-01.24.18:953][318]LogModuleManager: Shutting down and abandoning module ViewportInteraction (460)
[2017.09.08-01.24.18:953][318]LogModuleManager: Shutting down and abandoning module ClothPainter (458)
[2017.09.08-01.24.18:954][318]LogModuleManager: Shutting down and abandoning module LogVisualizer (456)
[2017.09.08-01.24.18:954][318]LogModuleManager: Shutting down and abandoning module IntroTutorials (454)
[2017.09.08-01.24.18:954][318]LogModuleManager: Shutting down and abandoning module GameProjectGeneration (453)
[2017.09.08-01.24.18:954][318]LogModuleManager: Shutting down and abandoning module IOSPlatformEditor (450)
[2017.09.08-01.24.18:954][318]LogModuleManager: Shutting down and abandoning module HTML5PlatformEditor (448)
[2017.09.08-01.24.18:954][318]LogModuleManager: Shutting down and abandoning module AndroidPlatformEditor (446)
[2017.09.08-01.24.18:954][318]LogModuleManager: Shutting down and abandoning module AndroidDeviceDetection (445)
[2017.09.08-01.24.19:147][318]LogModuleManager: Shutting down and abandoning module WindowsPlatformEditor (442)
[2017.09.08-01.24.19:147][318]LogModuleManager: Shutting down and abandoning module IOSRuntimeSettings (440)
[2017.09.08-01.24.19:147][318]LogModuleManager: Shutting down and abandoning module AndroidRuntimeSettings (438)
[2017.09.08-01.24.19:147][318]LogModuleManager: Shutting down and abandoning module InputBindingEditor (436)
[2017.09.08-01.24.19:147][318]LogModuleManager: Shutting down and abandoning module MergeActors (434)
[2017.09.08-01.24.19:147][318]LogModuleManager: Shutting down and abandoning module SizeMap (432)
[2017.09.08-01.24.19:147][318]LogModuleManager: Shutting down and abandoning module TreeMap (430)
[2017.09.08-01.24.19:148][318]LogModuleManager: Shutting down and abandoning module ReferenceViewer (428)
[2017.09.08-01.24.19:148][318]LogModuleManager: Shutting down and abandoning module LocalizationDashboard (426)
[2017.09.08-01.24.19:148][318]LogModuleManager: Shutting down and abandoning module LocalizationService (425)
[2017.09.08-01.24.19:148][318]LogModuleManager: Shutting down and abandoning module HardwareTargeting (422)
[2017.09.08-01.24.19:148][318]LogModuleManager: Shutting down and abandoning module DeviceProfileEditor (420)
[2017.09.08-01.24.19:148][318]LogModuleManager: Shutting down and abandoning module UndoHistory (418)
[2017.09.08-01.24.19:148][318]LogModuleManager: Shutting down and abandoning module XmlParser (416)
[2017.09.08-01.24.19:148][318]LogModuleManager: Shutting down and abandoning module Blutility (414)
[2017.09.08-01.24.19:148][318]LogModuleManager: Shutting down and abandoning module ProjectSettingsViewer (412)
[2017.09.08-01.24.19:148][318]LogModuleManager: Shutting down and abandoning module ProjectTargetPlatformEditor (411)
[2017.09.08-01.24.19:148][318]LogModuleManager: Shutting down and abandoning module EditorSettingsViewer (408)
[2017.09.08-01.24.19:148][318]LogModuleManager: Shutting down and abandoning module SettingsEditor (406)
[2017.09.08-01.24.19:148][318]LogModuleManager: Shutting down and abandoning module ProjectLauncher (404)
[2017.09.08-01.24.19:148][318]LogModuleManager: Shutting down and abandoning module SessionFrontend (402)
[2017.09.08-01.24.19:148][318]LogModuleManager: Shutting down and abandoning module ProfilerClient (400)
[2017.09.08-01.24.19:148][318]LogModuleManager: Shutting down and abandoning module DeviceManager (398)
[2017.09.08-01.24.19:148][318]LogModuleManager: Shutting down and abandoning module TargetDeviceServices (397)
[2017.09.08-01.24.19:201][318]LogModuleManager: Shutting down and abandoning module AutomationController (394)
[2017.09.08-01.24.19:201][318]LogModuleManager: Shutting down and abandoning module AutomationWindow (392)
[2017.09.08-01.24.19:201][318]LogModuleManager: Shutting down and abandoning module Layers (390)
[2017.09.08-01.24.19:201][318]LogModuleManager: Shutting down and abandoning module ComponentVisualizers (388)
[2017.09.08-01.24.19:201][318]LogModuleManager: Shutting down and abandoning module DetailCustomizations (386)
[2017.09.08-01.24.19:201][318]LogModuleManager: Shutting down and abandoning module PackagesDialog (384)
[2017.09.08-01.24.19:201][318]LogModuleManager: Shutting down and abandoning module Persona (382)
[2017.09.08-01.24.19:201][318]LogModuleManager: Shutting down and abandoning module AdvancedPreviewScene (381)
[2017.09.08-01.24.19:201][318]LogModuleManager: Shutting down and abandoning module AnimGraph (379)
[2017.09.08-01.24.19:201][318]LogModuleManager: Shutting down and abandoning module Kismet (376)
[2017.09.08-01.24.19:207][318]LogModuleManager: Shutting down and abandoning module ClassViewer (374)
[2017.09.08-01.24.19:207][318]LogModuleManager: Shutting down and abandoning module Toolbox (372)
[2017.09.08-01.24.19:207][318]LogModuleManager: Shutting down and abandoning module ModuleUI (370)
[2017.09.08-01.24.19:207][318]LogModuleManager: Shutting down and abandoning module MovieSceneTools (368)
[2017.09.08-01.24.19:207][318]LogModuleManager: Shutting down and abandoning module OutputLog (366)
[2017.09.08-01.24.19:207][318]LogModuleManager: Shutting down and abandoning module GammaUI (364)
[2017.09.08-01.24.19:207][318]LogModuleManager: Shutting down and abandoning module Documentation (362)
[2017.09.08-01.24.19:207][318]LogModuleManager: Shutting down and abandoning module MovieSceneTracks (360)
[2017.09.08-01.24.19:207][318]LogModuleManager: Shutting down and abandoning module MovieScene (358)
[2017.09.08-01.24.19:207][318]LogModuleManager: Shutting down and abandoning module Niagara (356)
[2017.09.08-01.24.19:207][318]LogModuleManager: Shutting down and abandoning module NiagaraEditor (355)
[2017.09.08-01.24.19:207][318]LogModuleManager: Shutting down and abandoning module StreamingPauseRendering (352)
[2017.09.08-01.24.19:207][318]LogModuleManager: Shutting down and abandoning module LauncherPlatform (350)
[2017.09.08-01.24.19:207][318]LogModuleManager: Shutting down and abandoning module AnalyticsET (348)
[2017.09.08-01.24.19:207][318]LogModuleManager: Shutting down and abandoning module PortalServices (346)
[2017.09.08-01.24.19:207][318]LogModuleManager: Shutting down and abandoning module PortalRpc (344)
[2017.09.08-01.24.19:207][318]LogModuleManager: Shutting down and abandoning module MessagingRpc (342)
[2017.09.08-01.24.19:207][318]LogModuleManager: Shutting down and abandoning module AIModule (340)
[2017.09.08-01.24.19:207][318]LogModuleManager: Shutting down and abandoning module GameplayDebugger (339)
[2017.09.08-01.24.19:207][318]LogModuleManager: Shutting down and abandoning module AITestSuite (337)
[2017.09.08-01.24.19:207][318]LogModuleManager: Shutting down and abandoning module ProfilerService (334)
[2017.09.08-01.24.19:265][318]LogModuleManager: Shutting down and abandoning module TaskGraph (332)
[2017.09.08-01.24.19:265][318]LogModuleManager: Shutting down and abandoning module SteamVRController (330)
[2017.09.08-01.24.19:265][318]LogModuleManager: Shutting down and abandoning module ProceduralMeshComponentEditor (328)
[2017.09.08-01.24.19:265][318]LogModuleManager: Shutting down and abandoning module ProceduralMeshComponent (326)
[2017.09.08-01.24.19:265][318]LogModuleManager: Shutting down and abandoning module OculusInput (324)
[2017.09.08-01.24.19:265][318]LogModuleManager: Shutting down and abandoning module MobilePatchingUtils (322)
[2017.09.08-01.24.19:265][318]LogModuleManager: Shutting down and abandoning module CustomMeshComponent (320)
[2017.09.08-01.24.19:265][318]LogModuleManager: Shutting down and abandoning module CableComponent (318)
[2017.09.08-01.24.19:265][318]LogModuleManager: Shutting down and abandoning module ArchVisCharacter (316)
[2017.09.08-01.24.19:265][318]LogModuleManager: Shutting down and abandoning module AndroidPermission (314)
[2017.09.08-01.24.19:265][318]LogModuleManager: Shutting down and abandoning module MediaPlayerEditor (310)
[2017.09.08-01.24.19:265][318]LogModuleManager: Shutting down and abandoning module HTML5Networking (308)
[2017.09.08-01.24.19:265][318]LogModuleManager: Shutting down and abandoning module AlembicImporter (306)
[2017.09.08-01.24.19:265][318]LogModuleManager: Shutting down and abandoning module AlembicLibrary (305)
[2017.09.08-01.24.19:265][318]LogModuleManager: Shutting down and abandoning module GeometryCache (304)
[2017.09.08-01.24.19:265][318]LogModuleManager: Shutting down and abandoning module GeometryCacheEd (303)
[2017.09.08-01.24.19:265][318]LogModuleManager: Shutting down and abandoning module SpeedTreeImporter (298)
[2017.09.08-01.24.19:265][318]LogModuleManager: Shutting down and abandoning module PluginBrowser (296)
[2017.09.08-01.24.19:266][318]LogModuleManager: Shutting down and abandoning module MobileLauncherProfileWizard (294)
[2017.09.08-01.24.19:266][318]LogModuleManager: Shutting down and abandoning module VisualStudioSourceCodeAccess (292)
[2017.09.08-01.24.19:266][318]LogModuleManager: Shutting down and abandoning module DesktopPlatform (291)
[2017.09.08-01.24.19:266][318]LogModuleManager: Shutting down and abandoning module UObjectPlugin (288)
[2017.09.08-01.24.19:266][318]LogModuleManager: Shutting down and abandoning module SubversionSourceControl (286)
[2017.09.08-01.24.19:266][318]LogModuleManager: Shutting down and abandoning module PerforceSourceControl (284)
[2017.09.08-01.24.19:266][318]LogModuleManager: Shutting down and abandoning module GitSourceControl (282)
[2017.09.08-01.24.19:266][318]LogModuleManager: Shutting down and abandoning module SourceControl (281)
[2017.09.08-01.24.19:266][318]LogModuleManager: Shutting down and abandoning module LightPropagationVolumeEditor (278)
[2017.09.08-01.24.19:266][318]LogModuleManager: Shutting down and abandoning module PaperTiledImporter (276)
[2017.09.08-01.24.19:266][318]LogModuleManager: Shutting down and abandoning module PaperSpriteSheetImporter (274)
[2017.09.08-01.24.19:266][318]LogModuleManager: Shutting down and abandoning module Paper2DEditor (272)
[2017.09.08-01.24.19:266][318]LogModuleManager: Shutting down and abandoning module MeshPaint (271)
[2017.09.08-01.24.19:266][318]LogModuleManager: Shutting down and abandoning module LevelEditor (269)
[2017.09.08-01.24.19:267][318]LogModuleManager: Shutting down and abandoning module PixelInspectorModule (268)
[2017.09.08-01.24.19:267][318]LogModuleManager: Shutting down and abandoning module MainFrame (266)
[2017.09.08-01.24.19:267][318]LogModuleManager: Shutting down and abandoning module HotReload (265)
[2017.09.08-01.24.19:267][318]LogModuleManager: Shutting down and abandoning module RuntimePhysXCooking (260)
[2017.09.08-01.24.19:267][318]LogModuleManager: Shutting down and abandoning module PhysXVehiclesEditor (258)
[2017.09.08-01.24.19:267][318]LogModuleManager: Shutting down and abandoning module PhysXVehicles (256)
[2017.09.08-01.24.19:267][318]LogModuleManager: Shutting down and abandoning module OculusEditor (254)
[2017.09.08-01.24.19:267][318]LogModuleManager: Shutting down and abandoning module LocationServicesBPLibrary (252)
[2017.09.08-01.24.19:267][318]LogModuleManager: Shutting down and abandoning module ImmediatePhysicsEditor (250)
[2017.09.08-01.24.19:267][318]LogModuleManager: Shutting down and abandoning module ImmediatePhysics (248)
[2017.09.08-01.24.19:267][318]LogModuleManager: Shutting down and abandoning module UdpMessaging (246)
[2017.09.08-01.24.19:368][318]LogModuleManager: Shutting down and abandoning module TcpMessaging (244)
[2017.09.08-01.24.19:468][318]LogModuleManager: Shutting down and abandoning module GameplayTagsEditor (242)
[2017.09.08-01.24.19:468][318]LogModuleManager: Shutting down and abandoning module FacialAnimationEditor (240)
[2017.09.08-01.24.19:468][318]LogModuleManager: Shutting down and abandoning module FacialAnimation (238)
[2017.09.08-01.24.19:468][318]LogModuleManager: Shutting down and abandoning module AssetManagerEditor (236)
[2017.09.08-01.24.19:468][318]LogModuleManager: Shutting down and abandoning module GraphEditor (235)
[2017.09.08-01.24.19:468][318]LogModuleManager: Shutting down and abandoning module ContentBrowser (233)
[2017.09.08-01.24.19:469][318]LogModuleManager: Shutting down and abandoning module LightPropagationVolumeRuntime (230)
[2017.09.08-01.24.19:469][318]LogModuleManager: Shutting down and abandoning module Paper2D (228)
[2017.09.08-01.24.19:469][318]LogModuleManager: Shutting down and abandoning module WindowsMoviePlayer (226)
[2017.09.08-01.24.19:469][318]LogModuleManager: Shutting down and abandoning module WmfMedia (224)
[2017.09.08-01.24.19:469][318]LogModuleManager: Shutting down and abandoning module PacketHandler (222)
[2017.09.08-01.24.19:469][318]LogModuleManager: Shutting down and abandoning module ClothingSystemEditor (220)
[2017.09.08-01.24.19:470][318]LogModuleManager: Shutting down and abandoning module ClothingSystemRuntime (218)
[2017.09.08-01.24.19:470][318]LogModuleManager: Shutting down and abandoning module Overlay (216)
[2017.09.08-01.24.19:470][318]LogModuleManager: Shutting down and abandoning module OverlayEditor (215)
[2017.09.08-01.24.19:470][318]LogModuleManager: Shutting down and abandoning module MediaAssets (212)
[2017.09.08-01.24.19:470][318]LogModuleManager: Shutting down and abandoning module VREditor (210)
[2017.09.08-01.24.19:470][318]LogModuleManager: Shutting down and abandoning module StringTableEditor (208)
[2017.09.08-01.24.19:470][318]LogModuleManager: Shutting down and abandoning module GameplayTasksEditor (206)
[2017.09.08-01.24.19:470][318]LogModuleManager: Shutting down and abandoning module BehaviorTreeEditor (204)
[2017.09.08-01.24.19:470][318]LogModuleManager: Shutting down and abandoning module FunctionalTesting (202)
[2017.09.08-01.24.19:470][318]LogModuleManager: Shutting down and abandoning module CollisionAnalyzer (200)
[2017.09.08-01.24.19:470][318]LogModuleManager: Shutting down and abandoning module WorkspaceMenuStructure (199)
[2017.09.08-01.24.19:470][318]LogModuleManager: Shutting down and abandoning module UMG (196)
[2017.09.08-01.24.19:470][318]LogModuleManager: Shutting down and abandoning module UMGEditor (195)
[2017.09.08-01.24.19:470][318]LogModuleManager: Shutting down and abandoning module Sequencer (194)
[2017.09.08-01.24.19:470][318]LogModuleManager: Shutting down and abandoning module MessageLog (191)
[2017.09.08-01.24.19:470][318]LogModuleManager: Shutting down and abandoning module SlateReflector (186)
[2017.09.08-01.24.19:470][318]LogModuleManager: Shutting down and abandoning module Slate (184)
[2017.09.08-01.24.19:470][318]LogModuleManager: Shutting down and abandoning module EditorStyle (182)
[2017.09.08-01.24.19:472][318]LogModuleManager: Shutting down and abandoning module MRMesh (180)
[2017.09.08-01.24.19:472][318]LogModuleManager: Shutting down and abandoning module SourceCodeAccess (178)
[2017.09.08-01.24.19:472][318]LogModuleManager: Shutting down and abandoning module HeadMountedDisplay (176)
[2017.09.08-01.24.19:472][318]LogModuleManager: Shutting down and abandoning module XAudio2 (174)
[2017.09.08-01.24.19:472][318]LogModuleManager: Shutting down and abandoning module Networking (172)
[2017.09.08-01.24.19:472][318]LogModuleManager: Shutting down and abandoning module Core (168)
[2017.09.08-01.24.19:472][318]LogModuleManager: Shutting down and abandoning module KismetCompiler (164)
[2017.09.08-01.24.19:472][318]LogModuleManager: Shutting down and abandoning module LevelSequence (162)
[2017.09.08-01.24.19:472][318]LogModuleManager: Shutting down and abandoning module MeshUtilities (160)
[2017.09.08-01.24.19:472][318]LogModuleManager: Shutting down and abandoning module MeshMergeUtilities (159)
[2017.09.08-01.24.19:472][318]LogModuleManager: Shutting down and abandoning module MeshReductionInterface (158)
[2017.09.08-01.24.19:472][318]LogModuleManager: Shutting down and abandoning module SimplygonSwarm (157)
[2017.09.08-01.24.19:472][318]LogModuleManager: Shutting down and abandoning module SimplygonMeshReduction (155)
[2017.09.08-01.24.19:472][318]LogModuleManager: Shutting down and abandoning module QuadricMeshReduction (153)
[2017.09.08-01.24.19:472][318]LogModuleManager: Shutting down and abandoning module MaterialBaking (149)
[2017.09.08-01.24.19:472][318]LogModuleManager: Shutting down and abandoning module DirectoryWatcher (146)
[2017.09.08-01.24.19:473][318]LogModuleManager: Shutting down and abandoning module DerivedDataCache (144)
[2017.09.08-01.24.19:490][318]LogDerivedDataCache: Shutdown
[2017.09.08-01.24.19:490][318]LogModuleManager: Shutting down and abandoning module TargetPlatform (142)
[2017.09.08-01.24.19:490][318]LogModuleManager: Shutting down and abandoning module VulkanShaderFormat (141)
[2017.09.08-01.24.19:490][318]LogModuleManager: Shutting down and abandoning module ShaderFormatVectorVM (139)
[2017.09.08-01.24.19:490][318]LogModuleManager: Shutting down and abandoning module ShaderFormatOpenGL (137)
[2017.09.08-01.24.19:490][318]LogModuleManager: Shutting down and abandoning module ShaderFormatD3D (135)
[2017.09.08-01.24.19:490][318]LogModuleManager: Shutting down and abandoning module MetalShaderFormat (133)
[2017.09.08-01.24.19:490][318]LogModuleManager: Shutting down and abandoning module TextureFormatUncompressed (131)
[2017.09.08-01.24.19:490][318]LogModuleManager: Shutting down and abandoning module TextureFormatPVR (129)
[2017.09.08-01.24.19:490][318]LogModuleManager: Shutting down and abandoning module TextureFormatDXT (127)
[2017.09.08-01.24.19:490][318]LogModuleManager: Shutting down and abandoning module TextureFormatIntelISPCTexComp (125)
[2017.09.08-01.24.19:490][318]LogModuleManager: Shutting down and abandoning module TextureFormatASTC (123)
[2017.09.08-01.24.19:490][318]LogModuleManager: Shutting down and abandoning module ImageWrapper (122)
[2017.09.08-01.24.19:490][318]LogModuleManager: Shutting down and abandoning module TextureFormatAndroid (119)
[2017.09.08-01.24.19:490][318]LogModuleManager: Shutting down and abandoning module AudioFormatOpus (117)
[2017.09.08-01.24.19:490][318]LogModuleManager: Shutting down and abandoning module AudioFormatOgg (115)
[2017.09.08-01.24.19:490][318]LogModuleManager: Shutting down and abandoning module AudioFormatADPCM (113)
[2017.09.08-01.24.19:491][318]LogModuleManager: Shutting down and abandoning module LinuxTargetPlatform (111)
[2017.09.08-01.24.19:491][318]LogModuleManager: Shutting down and abandoning module LinuxServerTargetPlatform (109)
[2017.09.08-01.24.19:491][318]LogModuleManager: Shutting down and abandoning module LinuxNoEditorTargetPlatform (107)
[2017.09.08-01.24.19:491][318]LogModuleManager: Shutting down and abandoning module LinuxClientTargetPlatform (105)
[2017.09.08-01.24.19:491][318]LogModuleManager: Shutting down and abandoning module TVOSTargetPlatform (103)
[2017.09.08-01.24.19:491][318]LogModuleManager: Shutting down and abandoning module Messaging (101)
[2017.09.08-01.24.19:491][318]LogModuleManager: Shutting down and abandoning module IOSTargetPlatform (99)
[2017.09.08-01.24.19:491][318]LogModuleManager: Shutting down and abandoning module HTML5TargetPlatform (97)
[2017.09.08-01.24.19:491][318]LogModuleManager: Shutting down and abandoning module Android_PVRTCTargetPlatform (95)
[2017.09.08-01.24.19:491][318]LogModuleManager: Shutting down and abandoning module Android_MultiTargetPlatform (93)
[2017.09.08-01.24.19:491][318]LogModuleManager: Shutting down and abandoning module Android_ETC2TargetPlatform (91)
[2017.09.08-01.24.19:491][318]LogModuleManager: Shutting down and abandoning module Android_ETC1TargetPlatform (89)
[2017.09.08-01.24.19:491][318]LogModuleManager: Shutting down and abandoning module Android_DXTTargetPlatform (87)
[2017.09.08-01.24.19:491][318]LogModuleManager: Shutting down and abandoning module Android_ATCTargetPlatform (85)
[2017.09.08-01.24.19:491][318]LogModuleManager: Shutting down and abandoning module Android_ASTCTargetPlatform (83)
[2017.09.08-01.24.19:491][318]LogModuleManager: Shutting down and abandoning module AndroidTargetPlatform (81)
[2017.09.08-01.24.19:491][318]LogModuleManager: Shutting down and abandoning module WindowsTargetPlatform (79)
[2017.09.08-01.24.19:491][318]LogModuleManager: Shutting down and abandoning module WindowsServerTargetPlatform (77)
[2017.09.08-01.24.19:491][318]LogModuleManager: Shutting down and abandoning module WindowsNoEditorTargetPlatform (75)
[2017.09.08-01.24.19:491][318]LogModuleManager: Shutting down and abandoning module WindowsClientTargetPlatform (73)
[2017.09.08-01.24.19:491][318]LogModuleManager: Shutting down and abandoning module MacTargetPlatform (71)
[2017.09.08-01.24.19:491][318]LogModuleManager: Shutting down and abandoning module MacServerTargetPlatform (69)
[2017.09.08-01.24.19:491][318]LogModuleManager: Shutting down and abandoning module MacNoEditorTargetPlatform (67)
[2017.09.08-01.24.19:491][318]LogModuleManager: Shutting down and abandoning module MacClientTargetPlatform (65)
[2017.09.08-01.24.19:491][318]LogModuleManager: Shutting down and abandoning module AllDesktopTargetPlatform (63)
[2017.09.08-01.24.19:491][318]LogModuleManager: Shutting down and abandoning module InputCore (60)
[2017.09.08-01.24.19:491][318]LogModuleManager: Shutting down and abandoning module Settings (58)
[2017.09.08-01.24.19:491][318]LogModuleManager: Shutting down and abandoning module PhysXCooking (56)
[2017.09.08-01.24.19:491][318]LogModuleManager: Shutting down and abandoning module SteamVR (54)
[2017.09.08-01.24.19:491][318]LogModuleManager: Shutting down and abandoning module OculusHMD (52)
[2017.09.08-01.24.19:491][318]LogModuleManager: Shutting down and abandoning module ExampleDeviceProfileSelector (50)
[2017.09.08-01.24.19:491][318]LogModuleManager: Shutting down and abandoning module OnlineBlueprintSupport (48)
[2017.09.08-01.24.19:491][318]LogModuleManager: Shutting down and abandoning module OnlineSubsystem (44)
[2017.09.08-01.24.19:491][318]LogOnline: Display: Unloading online subsystem: NULL
[2017.09.08-01.24.19:491][318]LogModuleManager: Shutting down and abandoning module XMPP (43)
[2017.09.08-01.24.19:491][318]LogModuleManager: Shutting down and abandoning module HTTP (41)
[2017.09.08-01.24.19:491][318]LogHttp: Display: Http module shutting down, but needs to wait on 1 outstanding Http requests:
[2017.09.08-01.24.19:491][318]LogHttp: Display: 	verb=[POST] url=[https://datarouter.ol.epicgames.com/datarouter/api/v1/public/data?SessionID=%7B6E59C25E-4C14-57AC-90CE-66A35BBE1811%7D&AppID=UEEditor.Rocket.Release&AppVersion=4.17.1-3586342%2B%2B%2BUE4%2BRelease-4.17&UserID=9283f5a747a7d8fa77ca7d8927d16ef1%7Cc7ee7518ba254189b7d2dc13474def39%7C08485130-3dd0-4995-9521-c36738e0f567&AppEnvironment=datacollector-binary&UploadType=eteventstream] status=Processing
[2017.09.08-01.24.19:493][318]LogModuleManager: Shutting down and abandoning module SSL (40)
[2017.09.08-01.24.19:495][318]LogModuleManager: Shutting down and abandoning module AnimationModifiers (36)
[2017.09.08-01.24.19:495][318]LogModuleManager: Shutting down and abandoning module PropertyEditor (35)
[2017.09.08-01.24.19:495][318]LogModuleManager: Shutting down and abandoning module AudioEditor (32)
[2017.09.08-01.24.19:495][318]LogModuleManager: Shutting down and abandoning module TextureCompressor (30)
[2017.09.08-01.24.19:495][318]LogModuleManager: Shutting down and abandoning module ShaderCore (28)
[2017.09.08-01.24.19:495][318]LogModuleManager: Shutting down and abandoning module Landscape (26)
[2017.09.08-01.24.19:495][318]LogModuleManager: Shutting down and abandoning module SlateRHIRenderer (24)
[2017.09.08-01.24.19:496][318]LogModuleManager: Shutting down and abandoning module OpenGLDrv (22)
[2017.09.08-01.24.19:496][318]LogModuleManager: Shutting down and abandoning module D3D11RHI (20)
[2017.09.08-01.24.19:496][318]LogModuleManager: Shutting down and abandoning module AnimGraphRuntime (18)
[2017.09.08-01.24.19:496][318]LogModuleManager: Shutting down and abandoning module Renderer (16)
[2017.09.08-01.24.19:496][318]LogModuleManager: Shutting down and abandoning module Engine (14)
[2017.09.08-01.24.19:496][318]LogModuleManager: Shutting down and abandoning module CoreUObject (12)
[2017.09.08-01.24.19:496][318]LogModuleManager: Shutting down and abandoning module NetworkFile (10)
[2017.09.08-01.24.19:496][318]LogModuleManager: Shutting down and abandoning module CookedIterativeFile (8)
[2017.09.08-01.24.19:496][318]LogModuleManager: Shutting down and abandoning module StreamingFile (6)
[2017.09.08-01.24.19:496][318]LogModuleManager: Shutting down and abandoning module SandboxFile (4)
[2017.09.08-01.24.19:496][318]LogModuleManager: Shutting down and abandoning module PakFile (2)
[2017.09.08-01.24.19:498][318]LogExit: Exiting.
[2017.09.08-01.24.19:507][318]Log file closed, 09/07/17 20:24:19
