Log file open, 09/06/17 18:23:41
LogWindows: LoadLibraryWithSearchPaths failed for file aqProf.dll. GetLastError=0
LogWindows: LoadLibraryWithSearchPaths failed for file VtuneApi.dll. GetLastError=0
LogWindows: LoadLibraryWithSearchPaths failed for file VtuneApi32e.dll. GetLastError=0
LogInit: Display: Running engine for game: Medevil_Bash
LogPlatformFile: Not using cached read wrapper
LogInit: Display: RandInit(-873510340) SRandInit(-873510340).
LogTaskGraph: Started task graph with 5 named threads and 14 total threads with 3 sets of task threads.
LogStats: Stats thread started at 0.775021
LogD3D11RHI: Aftermath initialized
LogPluginManager: Mounting plugin Paper2D
LogPluginManager: Mounting plugin LightPropagationVolume
LogPluginManager: Mounting plugin CodeLiteSourceCodeAccess
LogPluginManager: Mounting plugin GitSourceControl
LogPluginManager: Mounting plugin KDevelopSourceCodeAccess
LogPluginManager: Mounting plugin NullSourceCodeAccess
LogPluginManager: Mounting plugin PerforceSourceControl
LogPluginManager: Mounting plugin SubversionSourceControl
LogPluginManager: Mounting plugin UObjectPlugin
LogPluginManager: Mounting plugin VisualStudioSourceCodeAccess
LogPluginManager: Mounting plugin XCodeSourceCodeAccess
LogPluginManager: Mounting plugin AssetManagerEditor
LogPluginManager: Mounting plugin AudioCapture
LogPluginManager: Mounting plugin FacialAnimation
LogPluginManager: Mounting plugin GameplayTagsEditor
LogPluginManager: Mounting plugin MobileLauncherProfileWizard
LogPluginManager: Mounting plugin PluginBrowser
LogPluginManager: Mounting plugin SpeedTreeImporter
LogPluginManager: Mounting plugin AlembicImporter
LogPluginManager: Mounting plugin CharacterAI
LogPluginManager: Mounting plugin HTML5Networking
LogPluginManager: Mounting plugin AndroidMedia
LogPluginManager: Mounting plugin AvfMedia
LogPluginManager: Mounting plugin MediaPlayerEditor
LogPluginManager: Mounting plugin WmfMedia
LogPluginManager: Mounting plugin TcpMessaging
LogPluginManager: Mounting plugin UdpMessaging
LogPluginManager: Mounting plugin LevelSequenceEditor
LogPluginManager: Mounting plugin MatineeToLevelSequence
LogPluginManager: Mounting plugin OnlineSubsystemGooglePlay
LogPluginManager: Mounting plugin OnlineSubsystemIOS
LogPluginManager: Mounting plugin OnlineSubsystem
LogPluginManager: Mounting plugin OnlineSubsystemNull
LogPluginManager: Mounting plugin OnlineSubsystemUtils
LogPluginManager: Mounting plugin AndroidDeviceProfileSelector
LogPluginManager: Mounting plugin AndroidMoviePlayer
LogPluginManager: Mounting plugin AndroidPermission
LogPluginManager: Mounting plugin AppleMoviePlayer
LogPluginManager: Mounting plugin ArchVisCharacter
LogPluginManager: Mounting plugin CableComponent
LogPluginManager: Mounting plugin CustomMeshComponent
LogPluginManager: Mounting plugin ExampleDeviceProfileSelector
LogPluginManager: Mounting plugin GoogleCloudMessaging
LogPluginManager: Mounting plugin ImmediatePhysics
LogPluginManager: Mounting plugin IOSDeviceProfileSelector
LogPluginManager: Mounting plugin LinuxDeviceProfileSelector
LogPluginManager: Mounting plugin LocationServicesBPLibrary
LogPluginManager: Mounting plugin MobilePatchingUtils
LogPluginManager: Mounting plugin OculusVR
LogPluginManager: Mounting plugin PhysXVehicles
LogPluginManager: Mounting plugin ProceduralMeshComponent
LogPluginManager: Mounting plugin RuntimePhysXCooking
LogPluginManager: Mounting plugin SteamVR
LogPluginManager: Mounting plugin WindowsMoviePlayer
LogInit: Using libcurl 7.47.1
LogInit:  - built for x86_64-pc-win32
LogInit:  - supports SSL with OpenSSL/1.0.2g
LogInit:  - supports HTTP deflate (compression) using libz 1.2.8
LogInit:  - other features:
LogInit:      CURL_VERSION_SSL
LogInit:      CURL_VERSION_LIBZ
LogInit:      CURL_VERSION_IPV6
LogInit:      CURL_VERSION_ASYNCHDNS
LogInit:      CURL_VERSION_LARGEFILE
LogInit:      CURL_VERSION_IDN
LogInit:  CurlRequestOptions (configurable via config and command line):
LogInit:  - bVerifyPeer = false  - Libcurl will NOT verify peer certificate
LogInit:  - bUseHttpProxy = false  - Libcurl will NOT use HTTP proxy
LogInit:  - bDontReuseConnections = false  - Libcurl will reuse connections
LogInit:  - CertBundlePath = nullptr  - Libcurl will use whatever was configured at build time.
LogInit: Build: ++UE4+Release-4.17-CL-3586342
LogInit: Engine Version: 4.17.1-3586342+++UE4+Release-4.17
LogInit: Compatible Engine Version: 4.17.0-3573198+++UE4+Release-4.17
LogInit: Net CL: 3573198
LogDevObjectVersion: Number of dev versions registered: 16
LogDevObjectVersion:   Dev-Blueprints (B0D832E4-1F89-4F0D-ACCF-7EB736FD4AA2): 10
LogDevObjectVersion:   Dev-Build (E1C64328-A22C-4D53-A36C-8E866417BD8C): 0
LogDevObjectVersion:   Dev-Core (375EC13C-06E4-48FB-B500-84F0262A717E): 2
LogDevObjectVersion:   Dev-Editor (E4B068ED-F494-42E9-A231-DA0B2E46BB41): 20
LogDevObjectVersion:   Dev-Framework (CFFC743F-43B0-4480-9391-14DF171D2073): 28
LogDevObjectVersion:   Dev-Mobile (B02B49B5-BB20-44E9-A304-32B752E40360): 0
LogDevObjectVersion:   Dev-Networking (A4E4105C-59A1-49B5-A7C5-40C4547EDFEE): 0
LogDevObjectVersion:   Dev-Online (39C831C9-5AE6-47DC-9A44-9C173E1C8E7C): 0
LogDevObjectVersion:   Dev-Physics (78F01B33-EBEA-4F98-B9B4-84EACCB95AA2): 0
LogDevObjectVersion:   Dev-Platform (6631380F-2D4D-43E0-8009-CF276956A95A): 0
LogDevObjectVersion:   Dev-Rendering (12F88B9F-8875-4AFC-A67C-D90C383ABD29): 19
LogDevObjectVersion:   Dev-Sequencer (7B5AE74C-D270-4C10-A958-57980B212A5A): 4
LogDevObjectVersion:   Dev-VR (D7296918-1DD6-4BDD-9DE2-64A83CC13884): 0
LogDevObjectVersion:   Dev-LoadTimes (C2A15278-BFE7-4AFE-6C17-90FF531DF755): 1
LogDevObjectVersion:   Private-Geometry (6EACA3D4-40EC-4CC1-B786-8BED09428FC5): 1
LogDevObjectVersion:   Dev-AnimPhys (29E575DD-E0A3-4627-9D10-D276232CDCEA): 7
LogInit: Compiled (64-bit): Aug 15 2017 02:05:26
LogInit: Compiled with Visual C++: 19.00.24215.01
LogInit: Build Configuration: Development
LogInit: Branch Name: ++UE4+Release-4.17
LogInit: Command line:  
LogInit: Base directory: E:/Unreal Engine/UE_4.17/Engine/Binaries/Win64/
LogInit: Installed Engine Build: 1
LogInit: Presizing for max 8388607 objects, including 0 objects not considered by GC, pre-allocating 0 bytes for permanent pool.
LogInit: Object subsystem initialized
[2017.09.06-23.23.43:448][  0]LogInit: Selected Device Profile: [Windows]
[2017.09.06-23.23.43:448][  0]LogInit: Applying CVar settings loaded from the selected device profile: [Windows]
[2017.09.06-23.23.43:532][  0]LogInit: Computer: ROBBIE-DESKTOP
[2017.09.06-23.23.43:532][  0]LogInit: User: Robbie
[2017.09.06-23.23.43:532][  0]LogInit: CPU Page size=4096, Cores=4
[2017.09.06-23.23.43:532][  0]LogInit: High frequency timer resolution =3.421335 MHz
[2017.09.06-23.23.43:532][  0]LogMemory: Memory total: Physical=16.0GB (16GB approx)
[2017.09.06-23.23.43:546][  0]LogMemory: Platform Memory Stats for Windows
[2017.09.06-23.23.43:546][  0]LogMemory: Process Physical Memory: 281.62 MB used, 281.62 MB peak
[2017.09.06-23.23.43:546][  0]LogMemory: Process Virtual Memory: 282.54 MB used, 282.54 MB peak
[2017.09.06-23.23.43:546][  0]LogMemory: Physical Memory: 5870.01 MB used,  10469.66 MB free, 16339.66 MB total
[2017.09.06-23.23.43:546][  0]LogMemory: Virtual Memory: 677.67 MB used,  10469.66 MB free, 134217728.00 MB total
[2017.09.06-23.23.44:189][  0]LogInit: Using OS detected language (en-US).
[2017.09.06-23.23.44:189][  0]LogInit: Using OS detected locale (en-US).
[2017.09.06-23.23.44:298][  0]LogTextLocalizationManager: No specific localization for 'en-US' exists, so the 'en' localization will be used.
[2017.09.06-23.23.47:339][  0]LogD3D11RHI: D3D11 adapters:
[2017.09.06-23.23.47:357][  0]LogD3D11RHI:    0. 'AMD Radeon R9 200 Series' (Feature Level 11_0)
[2017.09.06-23.23.47:357][  0]LogD3D11RHI:       3052/0/8169 MB DedicatedVideo/DedicatedSystem/SharedSystem, Outputs:2, VendorId:0x1002
[2017.09.06-23.23.47:359][  0]LogD3D11RHI:    1. 'Microsoft Basic Render Driver' (Feature Level 11_0)
[2017.09.06-23.23.47:359][  0]LogD3D11RHI:       0/0/8169 MB DedicatedVideo/DedicatedSystem/SharedSystem, Outputs:0, VendorId:0x1414
[2017.09.06-23.23.47:359][  0]LogD3D11RHI: Chosen D3D11 Adapter: 0
[2017.09.06-23.23.47:372][  0]LogD3D11RHI: Creating new Direct3DDevice
[2017.09.06-23.23.47:373][  0]LogD3D11RHI:     GPU DeviceId: 0x6798 (for the marketing name, search the web for "GPU Device Id")
[2017.09.06-23.23.47:373][  0]LogWindows: EnumDisplayDevices:
[2017.09.06-23.23.47:373][  0]LogWindows:    0. 'AMD Radeon R9 200 Series' (P:0 D:1)
[2017.09.06-23.23.47:375][  0]LogWindows:    1. 'AMD Radeon R9 200 Series' (P:1 D:1)
[2017.09.06-23.23.47:376][  0]LogWindows:    2. 'AMD Radeon R9 200 Series' (P:0 D:0)
[2017.09.06-23.23.47:378][  0]LogWindows:    3. 'AMD Radeon R9 200 Series' (P:0 D:0)
[2017.09.06-23.23.47:379][  0]LogWindows:    4. 'AMD Radeon R9 200 Series' (P:0 D:0)
[2017.09.06-23.23.47:380][  0]LogWindows:    5. 'AMD Radeon R9 200 Series' (P:0 D:0)
[2017.09.06-23.23.47:381][  0]LogWindows: DebugString: FoundDriverCount:6 
[2017.09.06-23.23.47:381][  0]LogD3D11RHI:     Adapter Name: AMD Radeon R9 200 Series
[2017.09.06-23.23.47:381][  0]LogD3D11RHI:   Driver Version: Crimson ReLive 17.7.2 (internal:22.19.662.4, unified:22.19.662.4)
[2017.09.06-23.23.47:381][  0]LogD3D11RHI:      Driver Date: 7-20-2017
[2017.09.06-23.23.47:381][  0]LogRHI: Texture pool is 1361 MB (70% of 1945 MB)
[2017.09.06-23.23.47:509][  0]LogD3D11RHI: Async texture creation enabled
[2017.09.06-23.23.47:923][  0]LogD3D11RHI: GPU Timing Frequency: 27.000000 (Debug: 2 1)
[2017.09.06-23.23.48:002][  0]LogShaderCompilers: Guid format shader working directory is 11 characters bigger than the processId version (C:/Unreal Medevil bash/Medieval-Bash/Intermediate/Shaders/WorkingDirectory/1228/).
[2017.09.06-23.23.48:003][  0]LogShaderCompilers: Cleaned the shader compiler working directory 'C:/Users/Robbie/AppData/Local/Temp/UnrealShaderWorkingDir/C64EF2DC4ED2B1F4F55AC390D3DCFDB1/'.
[2017.09.06-23.23.48:004][  0]LogShaderCompilers: Display: Using Local Shader Compiler.
[2017.09.06-23.23.51:505][  0]LogTemp: Display: Loaded TP AllDesktopTargetPlatform
[2017.09.06-23.23.51:559][  0]LogTemp: Display: Loaded TP MacClientTargetPlatform
[2017.09.06-23.23.51:614][  0]LogTemp: Display: Loaded TP MacNoEditorTargetPlatform
[2017.09.06-23.23.51:672][  0]LogTemp: Display: Loaded TP MacServerTargetPlatform
[2017.09.06-23.23.51:741][  0]LogTemp: Display: Loaded TP MacTargetPlatform
[2017.09.06-23.23.51:798][  0]LogTemp: Display: Loaded TP WindowsClientTargetPlatform
[2017.09.06-23.23.51:851][  0]LogTemp: Display: Loaded TP WindowsNoEditorTargetPlatform
[2017.09.06-23.23.51:907][  0]LogTemp: Display: Loaded TP WindowsServerTargetPlatform
[2017.09.06-23.23.51:961][  0]LogTemp: Display: Loaded TP WindowsTargetPlatform
[2017.09.06-23.23.52:021][  0]LogTemp: Display: Loaded TP AndroidTargetPlatform
[2017.09.06-23.23.52:076][  0]LogTemp: Display: Loaded TP Android_ASTCTargetPlatform
[2017.09.06-23.23.52:137][  0]LogTemp: Display: Loaded TP Android_ATCTargetPlatform
[2017.09.06-23.23.52:195][  0]LogTemp: Display: Loaded TP Android_DXTTargetPlatform
[2017.09.06-23.23.52:247][  0]LogTemp: Display: Loaded TP Android_ETC1TargetPlatform
[2017.09.06-23.23.52:301][  0]LogTemp: Display: Loaded TP Android_ETC2TargetPlatform
[2017.09.06-23.23.52:413][  0]LogTemp: Display: Loaded TP Android_MultiTargetPlatform
[2017.09.06-23.23.52:413][  0]LogTemp: Display: Loaded TP Android_PVRTCTargetPlatform
[2017.09.06-23.23.52:453][  0]LogTemp: Display: Loaded TP HTML5TargetPlatform
[2017.09.06-23.23.52:594][  0]LogTemp: Display: Loaded TP IOSTargetPlatform
[2017.09.06-23.23.52:626][  0]LogTemp: Display: Loaded TP TVOSTargetPlatform
[2017.09.06-23.23.52:685][  0]LogTemp: Display: Loaded TP LinuxClientTargetPlatform
[2017.09.06-23.23.52:743][  0]LogTemp: Display: Loaded TP LinuxNoEditorTargetPlatform
[2017.09.06-23.23.52:798][  0]LogTemp: Display: Loaded TP LinuxServerTargetPlatform
[2017.09.06-23.23.52:907][  0]LogTemp: Display: Loaded TP LinuxTargetPlatform
[2017.09.06-23.23.52:907][  0]LogTargetPlatformManager: Display: Building Assets For Windows
[2017.09.06-23.23.54:020][  0]LogDerivedDataCache: Display: Max Cache Size: 512 MB
[2017.09.06-23.23.54:399][  0]LogDerivedDataCache: Loaded boot cache 0.38s 93MB C:/Users/Robbie/AppData/Local/UnrealEngine/4.17/DerivedDataCache/Boot.ddc.
[2017.09.06-23.23.54:399][  0]LogDerivedDataCache: Display: Loaded Boot cache: C:/Users/Robbie/AppData/Local/UnrealEngine/4.17/DerivedDataCache/Boot.ddc
[2017.09.06-23.23.54:400][  0]LogDerivedDataCache: FDerivedDataBackendGraph:  Pak pak cache file C:/Unreal Medevil bash/Medieval-Bash/DerivedDataCache/DDC.ddp not found, will not use a pak cache.
[2017.09.06-23.23.54:400][  0]LogDerivedDataCache: Unable to find inner node Pak for hierarchical cache Hierarchy.
[2017.09.06-23.23.54:400][  0]LogDerivedDataCache: FDerivedDataBackendGraph:  CompressedPak pak cache file C:/Unreal Medevil bash/Medieval-Bash/DerivedDataCache/Compressed.ddp not found, will not use a pak cache.
[2017.09.06-23.23.54:400][  0]LogDerivedDataCache: Unable to find inner node CompressedPak for hierarchical cache Hierarchy.
[2017.09.06-23.23.54:465][  0]LogDerivedDataCache: Display: Pak cache opened for reading ../../../Engine/DerivedDataCache/Compressed.ddp.
[2017.09.06-23.23.54:478][  0]LogDerivedDataCache: Using Local data cache path C:/Users/Robbie/AppData/Local/UnrealEngine/Common/DerivedDataCache: Writable
[2017.09.06-23.23.54:532][  0]LogMaterial: Verifying Global Shaders for PCD3D_SM5
[2017.09.06-23.23.54:611][  0]LogSlate: Using Freetype 2.6.0
[2017.09.06-23.23.54:684][  0]LogSlate: SlateFontCache - WITH_FREETYPE: 1, WITH_HARFBUZZ: 1
[2017.09.06-23.23.54:692][  0]LogSlate: SlateFontCache - WITH_FREETYPE: 1, WITH_HARFBUZZ: 1
[2017.09.06-23.24.01:756][  0]LogAssetRegistry: FAssetRegistry took 0.0735 seconds to start up
[2017.09.06-23.24.03:053][  0]LogInit: Selected Device Profile: [Windows]
[2017.09.06-23.24.07:611][  0]LogSimplygon: Simplygon DLL not present - disabling.
[2017.09.06-23.24.07:690][  0]LogMeshReduction: Using SimplygonSwarm for distributed automatic mesh merging
[2017.09.06-23.24.07:690][  0]LogMeshReduction: Using QuadricMeshReduction for automatic static mesh reduction
[2017.09.06-23.24.07:691][  0]LogMeshReduction: No automatic skeletal mesh reduction module available
[2017.09.06-23.24.07:691][  0]LogMeshReduction: No automatic mesh merging module available
[2017.09.06-23.24.07:691][  0]LogMeshMerging: No automatic mesh merging module available
[2017.09.06-23.24.07:854][  0]LogContentStreaming: Texture pool size is 0.00 MB
[2017.09.06-23.24.10:535][  0]LogNetVersion: Medevil_Bash , NetCL: 3573198, EngineNetVer: 2, GameNetVer: 0 (Checksum: 3665025374)
[2017.09.06-23.24.11:962][  0]LogPackageLocalizationCache: Processed 5 localized package path(s) for 2 prioritized culture(s) in 0.097532 seconds
[2017.09.06-23.24.11:982][  0]LogUObjectArray: 35825 objects as part of root set at end of initial load.
[2017.09.06-23.24.11:982][  0]LogUObjectAllocator: 7529112 out of 0 bytes used by permanent object pool.
[2017.09.06-23.24.11:982][  0]LogUObjectArray: CloseDisregardForGC: 0/0 objects in disregard for GC pool
[2017.09.06-23.24.12:070][  0]LogInit: WinSock: version 1.1 (2.2), MaxSocks=32767, MaxUdp=65467
[2017.09.06-23.24.31:000][  0]LogTcpMessaging: Initializing TcpMessaging bridge
[2017.09.06-23.24.31:066][  0]LogUdpMessaging: Initializing bridge on interface 0.0.0.0:0 to multicast group 230.0.0.1:6666.
[2017.09.06-23.24.32:690][  0]LogMaterial: Uniform references updated for custom material expression Custom.
[2017.09.06-23.24.33:665][  0]SourceControl: Source control is disabled
[2017.09.06-23.24.35:796][  0]LogAndroidPermission: UAndroidPermissionCallbackProxy::GetInstance
[2017.09.06-23.24.36:128][  0]LogOcInput: OculusInput pre-init called
[2017.09.06-23.24.36:935][  0]LogEngine: Initializing Engine...
[2017.09.06-23.24.37:176][  0]LogHMD: Failed to initialize OpenVR with code 108
[2017.09.06-23.24.37:891][  0]LogStats: UGameplayTagsManager::ConstructGameplayTagTree: Construct from data asset -  0.000 s
[2017.09.06-23.24.37:891][  0]LogStats: UGameplayTagsManager::ConstructGameplayTagTree: GameplayTagTreeChangedEvent.Broadcast -  0.000 s
[2017.09.06-23.24.38:418][  0]LogAIModule: Creating AISystem for world Untitled
[2017.09.06-23.24.38:521][  0]LogInit: XAudio2 using 'Speakers (VIA HD Audio)' : 2 channels at 48 kHz using 32 bits per sample (channel mask 0x3)
[2017.09.06-23.24.38:559][  0]LogInit: FAudioDevice initialized.
[2017.09.06-23.24.38:758][  0]LogDerivedDataCache: Saved boot cache 0.20s 93MB C:/Users/Robbie/AppData/Local/UnrealEngine/4.17/DerivedDataCache/Boot.ddc.
[2017.09.06-23.24.38:780][  0]LogInit: Texture streaming: Enabled
[2017.09.06-23.24.39:090][  0]LogEngineSessionManager: EngineSessionManager initialized
[2017.09.06-23.24.39:683][  0]LogInit: Transaction tracking system initialized
[2017.09.06-23.24.40:313][  0]BlueprintLog: New page: Editor Load
[2017.09.06-23.24.42:259][  0]LocalizationService: Localization service is disabled
[2017.09.06-23.24.43:815][  0]LogConsoleResponse: Display: 
[2017.09.06-23.24.47:782][  0]LogFileCache: Scanning file cache for directory 'C:/Unreal Medevil bash/Medieval-Bash/Content/' took 0.02s
[2017.09.06-23.24.47:782][  0]LogCook: Display: Max memory allowance for cook 16384mb min free memory 0mb
[2017.09.06-23.24.47:783][  0]LogCook: Display: Mobile HDR setting 1
[2017.09.06-23.24.47:807][  0]LogGameplayTags: Display: UGameplayTagsManager::DoneAddingNativeTags. DelegateIsBound: 0
[2017.09.06-23.24.53:028][  0]Cmd: MAP LOAD FILE="C:/Unreal Medevil bash/Medieval-Bash/Content/Maps/Battle_areana.umap" TEMPLATE=0 SHOWPROGRESS=1 FEATURELEVEL=3
[2017.09.06-23.24.53:041][  0]LightingResults: New page: Lighting Build
[2017.09.06-23.24.53:229][  0]MapCheck: New page: Map Check
[2017.09.06-23.24.53:229][  0]LightingResults: New page: Lighting Build
[2017.09.06-23.24.55:838][  0]LogAIModule: Creating AISystem for world Battle_areana
[2017.09.06-23.24.56:409][  0]LogEditorServer: Finished looking for orphan Actors (0.000 secs)
[2017.09.06-23.24.56:486][  0]Cmd: MAP CHECKDEP NOCLEARLOG
[2017.09.06-23.24.56:546][  0]MapCheck: Map check complete: 0 Error(s), 0 Warning(s), took 60.472ms to complete.
[2017.09.06-23.24.56:546][  0]LogFileHelpers: Loading map 'Battle_areana' took 3.532
[2017.09.06-23.24.57:865][  0]LogCollectionManager: Loaded 0 collections in 0.001724 seconds
[2017.09.06-23.24.58:050][  0]LogFileCache: Scanning file cache for directory 'C:/Unreal Medevil bash/Medieval-Bash/Saved/Collections/' took 0.01s
[2017.09.06-23.24.58:050][  0]LogFileCache: Scanning file cache for directory 'C:/Unreal Medevil bash/Medieval-Bash/Content/Developers/Robbie/Collections/' took 0.01s
[2017.09.06-23.24.58:050][  0]LogFileCache: Scanning file cache for directory 'C:/Unreal Medevil bash/Medieval-Bash/Content/Collections/' took 0.01s
[2017.09.06-23.24.58:050][  0]LogCollectionManager: Rebuilt the GUID cache for 0 collections in 0.000001 seconds
[2017.09.06-23.24.58:072][  0]LogContentBrowser: Native class hierarchy populated in 0.0213 seconds. Added 2386 classes and 500 folders.
[2017.09.06-23.24.58:171][  0]LogContentBrowser: Native class hierarchy updated for 'WidgetCarousel' in 0.0012 seconds. Added 0 classes and 0 folders.
[2017.09.06-23.24.59:580][  0]LogContentBrowser: Native class hierarchy updated for 'AddContentDialog' in 0.0010 seconds. Added 0 classes and 0 folders.
[2017.09.06-23.24.59:696][  0]LogContentBrowser: Native class hierarchy updated for 'SceneOutliner' in 0.0010 seconds. Added 1 classes and 2 folders.
[2017.09.06-23.25.00:060][  0]LogSlate: Took 0.009859 seconds to synchronously load lazily loaded font '../../../Engine/Content/Slate/Fonts/Roboto-Regular.ttf' (155K)
[2017.09.06-23.25.00:079][  0]LogSlate: Took 0.009241 seconds to synchronously load lazily loaded font '../../../Engine/Content/Slate/Fonts/Roboto-Bold.ttf' (160K)
[2017.09.06-23.25.00:138][  0]LogSlate: Took 0.015020 seconds to synchronously load lazily loaded font '../../../Engine/Content/Editor/Slate/Fonts/FontAwesome.ttf' (139K)
[2017.09.06-23.25.00:572][  0]LogRenderer: Reallocating scene render targets to support 1260x656 Format 10 NumSamples 1 (Frame:1).
[2017.09.06-23.25.01:153][  0]LogContentBrowser: Native class hierarchy updated for 'HierarchicalLODOutliner' in 0.0010 seconds. Added 1 classes and 2 folders.
[2017.09.06-23.25.01:153][  0]LogLoad: (Engine Initialization) Total time: 83.55 seconds
[2017.09.06-23.25.01:153][  0]LogLoad: (Engine Initialization) Total Blueprint compile time: 0.00 seconds
[2017.09.06-23.25.01:161][  0]LogExternalProfiler: Found external profiler: VSPerf
[2017.09.06-23.25.01:161][  0]LogExternalProfiler: Using external profiler: VSPerf
[2017.09.06-23.25.01:299][  0]SourceControl: On branch master
[2017.09.06-23.25.01:299][  0]SourceControl: Your branch is ahead of 'origin/master' by 1 commit.
[2017.09.06-23.25.01:299][  0]SourceControl:   (use "git push" to publish your local commits)
[2017.09.06-23.25.01:299][  0]SourceControl: Changes not staged for commit:
[2017.09.06-23.25.01:299][  0]SourceControl:   (use "git add/rm <file>..." to update what will be committed)
[2017.09.06-23.25.01:299][  0]SourceControl:   (use "git checkout -- <file>..." to discard changes in working directory)
[2017.09.06-23.25.01:299][  0]SourceControl: 	modified:   Intermediate/CachedAssetRegistry.bin
[2017.09.06-23.25.01:299][  0]SourceControl: 	deleted:    Saved/Config/CrashReportClient/UE4CC-Windows-7A9DB7D44ADCCD7F485EFCA44B941154/CrashReportClient.ini
[2017.09.06-23.25.01:299][  0]SourceControl: 	modified:   Saved/Config/Windows/Engine.ini
[2017.09.06-23.25.01:299][  0]SourceControl: 	modified:   Saved/Logs/Medevil_Bash.log
[2017.09.06-23.25.01:299][  0]SourceControl: Untracked files:
[2017.09.06-23.25.01:299][  0]SourceControl:   (use "git add <file>..." to include in what will be committed)
[2017.09.06-23.25.01:299][  0]SourceControl: 	Saved/Config/CrashReportClient/UE4CC-Windows-E751E39048E58042C7A3B9A01AC2AB0B/
[2017.09.06-23.25.01:299][  0]SourceControl: 	Saved/Logs/Medevil_Bash-backup-2017.09.06-18.23.41.log
[2017.09.06-23.25.01:299][  0]SourceControl: no changes added to commit (use "git add" and/or "git commit -a")
[2017.09.06-23.25.01:320][  0]LogContentStreaming: Texture pool size now 1000 MB
[2017.09.06-23.25.01:443][  0]LogSlate: Took 0.015856 seconds to synchronously load lazily loaded font '../../../Engine/Content/Slate/Fonts/Roboto-Light.ttf' (159K)
[2017.09.06-23.25.01:616][  3]LogAssetRegistry: Asset discovery search completed in 59.9076 seconds
[2017.09.06-23.25.01:619][  3]LogCollectionManager: Rebuilt the object cache for 0 collections in 0.000001 seconds (found 0 objects)
[2017.09.06-23.25.01:619][  3]LogCollectionManager: Fixed up redirectors for 0 collections in 0.000056 seconds (updated 0 objects)
[2017.09.06-23.26.26:398][201]LogRenderer: Reallocating scene render targets to support 1260x668 Format 10 NumSamples 1 (Frame:9235).
[2017.09.06-23.26.26:443][202]LogRenderer: Reallocating scene render targets to support 1260x672 Format 10 NumSamples 1 (Frame:9237).
[2017.09.06-23.26.28:399][427]LogRenderer: Reallocating scene render targets to support 1264x672 Format 10 NumSamples 1 (Frame:9408).
[2017.09.06-23.26.28:625][435]LogRenderer: Reallocating scene render targets to support 1268x672 Format 10 NumSamples 1 (Frame:9414).
[2017.09.06-23.26.42:786][100]LogEditorViewport: Clicking on Actor (LMB): Landscape (Landscape)
[2017.09.06-23.28.12:850][693]Cmd: POLY SELECT ADJACENT WALLS
[2017.09.06-23.28.21:192][400]Cmd: POLY SELECT ADJACENT WALLS
[2017.09.06-23.29.13:641][412]LogActorFactory: Actor Factory created SM_Rock
[2017.09.06-23.29.14:982][519]LogActorFactory: Actor Factory created SM_Rock
[2017.09.06-23.29.23:805][374]LogEditorViewport: Clicking on Actor (LMB): StaticMeshActor (SM_Rock)
[2017.09.06-23.30.05:227][571]LogSlate: Took 0.016961 seconds to synchronously load lazily loaded font '../../../Engine/Content/Editor/Slate/Fonts/Roboto-Italic.ttf' (157K)
[2017.09.06-23.30.06:844][728]LogEditorViewport: Clicking on Actor (LMB): Landscape (Landscape)
[2017.09.06-23.30.15:591][609]LogEditorViewport: Clicking on Actor (LMB): StaticMeshActor (SM_Rock)
[2017.09.06-23.31.08:944][674]LogSlate: Warning: Prevented a slow task dialog from being summoned while a context menu was open
[2017.09.06-23.31.57:104][910]LogTexture: Display: Building textures: Texture2D_2 (G8, 128X128)
[2017.09.06-23.32.18:551][939]LogEditorViewport: Clicking on Actor (context menu): Landscape (Landscape)
[2017.09.06-23.32.23:398][376]Cmd: TRANSACTION UNDO
[2017.09.06-23.32.23:399][376]LogEditorTransaction: Undo Landscape Editing: Sculpt
[2017.09.06-23.32.23:423][376]LogTexture: Display: Building textures: Texture2D_0 (BGRA8, 256X256)
[2017.09.06-23.32.23:489][376]LogSlate: Took 0.000251 seconds to synchronously load lazily loaded font '../../../Engine/Content/Slate/Fonts/Roboto-Light.ttf' (159K)
[2017.09.06-23.32.24:012][420]Cmd: TRANSACTION UNDO
[2017.09.06-23.32.24:013][420]LogEditorTransaction: Undo Clicking on Actors (context menu)
[2017.09.06-23.32.24:883][514]Cmd: TRANSACTION UNDO
[2017.09.06-23.32.24:883][514]LogEditorTransaction: Undo Landscape Editing: Sculpt
[2017.09.06-23.32.50:000][344]Cmd: TRANSACTION UNDO
[2017.09.06-23.32.50:000][344]LogEditorTransaction: Undo Landscape Editing: Flatten
[2017.09.06-23.32.50:016][344]LogTexture: Display: Building textures: Texture2D_0 (BGRA8, 256X256)
[2017.09.06-23.32.50:310][362]Cmd: TRANSACTION UNDO
[2017.09.06-23.32.50:310][362]LogEditorTransaction: Undo Landscape Editing: Flatten
[2017.09.06-23.33.11:066][683]LogEditorViewport: Clicking on Actor (context menu): Landscape (Landscape)
[2017.09.06-23.34.41:220][ 56]Cmd: TRANSACTION UNDO
[2017.09.06-23.34.41:221][ 56]LogEditorTransaction: Undo Landscape Editing: Erosion
[2017.09.06-23.34.41:240][ 56]LogTexture: Display: Building textures: Texture2D_0 (BGRA8, 256X256)
[2017.09.06-23.35.53:918][543]Cmd: TRANSACTION UNDO
[2017.09.06-23.35.53:918][543]LogEditorTransaction: Undo Landscape Editing: Hydraulic Erosion
[2017.09.06-23.35.53:933][543]LogTexture: Display: Building textures: Texture2D_0 (BGRA8, 256X256)
[2017.09.06-23.35.54:370][572]Cmd: TRANSACTION UNDO
[2017.09.06-23.35.54:370][572]LogEditorTransaction: Undo Landscape Editing: Hydraulic Erosion
[2017.09.06-23.35.54:390][572]LogTexture: Display: Building textures: Texture2D_0 (BGRA8, 256X256)
[2017.09.06-23.35.56:833][804]LogEditorViewport: Clicking on Actor (context menu): Landscape (Landscape)
[2017.09.06-23.36.16:776][613]MapCheck: New page: Map Check
[2017.09.06-23.36.16:926][613]LightingResults: New page: Lighting Build - Sep 6, 2017, 1:36:16 PM
[2017.09.06-23.36.17:064][613]LogSwarmInterface: [OpenConnection] Registering TCP channel ...
[2017.09.06-23.36.17:328][613]LogSwarmInterface: [OpenConnection] Connecting to agent ...
[2017.09.06-23.36.17:381][613]LogSwarmInterface: [TryOpenConnection] Testing the Agent
[2017.09.06-23.36.18:396][613]LogSwarmInterface: [TryOpenConnection] Opening Connection to Agent
[2017.09.06-23.36.18:396][613]LogSwarmInterface: [TryOpenConnection] Local Process ID is 1228
[2017.09.06-23.36.20:975][613]LightingResults: Warning: No importance volume found and the scene is so large that the automatically synthesized volume will not yield good results.  Please add a tightly bounding lightmass importance volume to optimize your scene's quality and lighting build times.
[2017.09.06-23.36.20:976][613]LogStaticLightingSystem: Running Lightmass w/ ImmediateImport mode ENABLED
[2017.09.06-23.36.20:976][613]LogStaticLightingSystem: Running Lightmass w/ ImmediateProcess mode ENABLED
[2017.09.06-23.36.20:976][613]LogStaticLightingSystem: Running Lightmass w/ Sorting mode ENABLED
[2017.09.06-23.36.20:976][613]LogStaticLightingSystem: Running Lightmass w/ Mapping paddings ENABLED
[2017.09.06-23.36.20:976][613]LogStaticLightingSystem: Running Lightmass w/ Mapping debug paddings DISABLED
[2017.09.06-23.36.21:191][613]LogEditorBuildUtils: Build time 0:04
[2017.09.06-23.36.21:214][613]LogMaterial: Missing cached shader map for material FLightmassMaterialRenderer LandscapeMaterialInstanceConstant_1, compiling. 
[2017.09.06-23.36.21:254][613]LogMaterial: Missing cached shader map for material FLightmassMaterialRenderer LandscapeMaterialInstanceConstant_1, compiling. 
[2017.09.06-23.36.22:058][643]LogMaterial: Missing cached shader map for material FLightmassMaterialRenderer M_Rock, compiling. 
[2017.09.06-23.36.22:067][643]LogMaterial: Missing cached shader map for material FLightmassMaterialRenderer M_Rock, compiling. 
[2017.09.06-23.36.30:521][  2]Job is a success!
[2017.09.06-23.36.30:589][  3]LogSlate: Took 0.000218 seconds to synchronously load lazily loaded font '../../../Engine/Content/Slate/Fonts/Roboto-Light.ttf' (159K)
[2017.09.06-23.36.30:858][  3]LogTexture: Display: Building textures: HQ_Lightmap0_1 (AutoDXT, 256X256)
[2017.09.06-23.36.30:858][  3]LogTexture: Display: Building textures: LQ_Lightmap_0_1 (DXT1, 256X256)
[2017.09.06-23.36.30:858][  3]LogTexture: Display: Building textures: HQ_Lightmap0_2 (AutoDXT, 256X256)
[2017.09.06-23.36.30:858][  3]LogTexture: Display: Building textures: LQ_Lightmap_0_2 (DXT1, 256X256)
[2017.09.06-23.36.30:858][  3]LogTexture: Display: Building textures: LQ_Lightmap_0_3 (DXT1, 128X128)
[2017.09.06-23.36.30:858][  3]LogTexture: Display: Building textures: HQ_Lightmap0_3 (AutoDXT, 128X128)
[2017.09.06-23.36.30:858][  3]LogTexture: Display: Building textures: HQ_Lightmap0_4 (AutoDXT, 256X256)
[2017.09.06-23.36.30:858][  3]LogTexture: Display: Building textures: LQ_Lightmap_0_4 (DXT1, 256X256)
[2017.09.06-23.36.30:858][  3]LogTexture: Display: Building textures: HQ_Lightmap0_5 (AutoDXT, 256X256)
[2017.09.06-23.36.30:858][  3]LogTexture: Display: Building textures: LQ_Lightmap_0_5 (DXT1, 256X256)
[2017.09.06-23.36.30:858][  3]LogTexture: Display: Building textures: ShadowMapTexture2D_3 (G8, 256X32)
[2017.09.06-23.36.30:858][  3]LogTexture: Display: Building textures: ShadowMapTexture2D_1 (G8, 512X32)
[2017.09.06-23.36.30:858][  3]LogTexture: Display: Building textures: ShadowMapTexture2D_4 (G8, 512X32)
[2017.09.06-23.36.30:858][  3]LogTexture: Display: Building textures: ShadowMapTexture2D_0 (G8, 512X64)
[2017.09.06-23.36.30:858][  3]LogTexture: Display: Building textures: ShadowMapTexture2D_5 (G8, 1024X32)
[2017.09.06-23.36.30:918][  3]Lightmass on ROBBIE-DESKTOP: 4.87 sec total, 335 ms importing, 112 ms setup, 1.19 sec photons, 3.19 sec processing, 0 ms extra exporting [66/66 mappings]. Threads: 22.1 sec total, 14.8 sec processing.
[2017.09.06-23.36.30:970][  3]LogStaticLightingSystem: Illumination: 14.0 sec (142 ms encoding lightmaps, 28 ms encoding shadowmaps)
[2017.09.06-23.36.30:970][  3]LogStaticLightingSystem: Lightmap texture memory:  0.5 MB (0.5 MB streaming, 0.0 MB non-streaming), 10 textures
[2017.09.06-23.36.30:970][  3]LogStaticLightingSystem: Shadowmap texture memory: 0.1 MB (0.1 MB streaming, 0.0 MB non-streaming), 5 textures
[2017.09.06-23.36.30:998][  3]DumpUnbuiltLightIteractions
[2017.09.06-23.36.30:998][  3]Lights with unbuilt interactions: 0
[2017.09.06-23.36.30:998][  3]
[2017.09.06-23.36.30:998][  3]Primitives with unbuilt interactions: 0
[2017.09.06-23.36.31:042][  4]Cmd: MAP CHECK NOTIFYRESULTS
[2017.09.06-23.36.31:042][  4]MapCheck: New page: Battle_areana - Sep 6, 2017, 1:36:31 PM
[2017.09.06-23.36.31:206][  4]MapCheck: Map check complete: 0 Error(s), 0 Warning(s), took 163.843ms to complete.
[2017.09.06-23.37.39:465][243]Cmd: OBJ SAVEPACKAGE PACKAGE="/Game/Maps/Battle_areana" FILE="C:/Unreal Medevil bash/Medieval-Bash/Saved/Autosaves/Game/Maps/Battle_areana_Auto1.umap" SILENT=true AUTOSAVING=true KEEPDIRTY=false
[2017.09.06-23.37.39:549][243]LogTexture: Display: Building textures: Texture2D_0 (BGRA8, 256X256)
[2017.09.06-23.37.39:776][243]LogSavePackage: Save=274.84ms
[2017.09.06-23.37.39:776][243]LogSavePackage: Moving 'C:/Unreal Medevil bash/Medieval-Bash/Saved/Battle_areana_Auto13CF0CC644B7FD3BA12BB92B23BD34360.tmp' to 'C:/Unreal Medevil bash/Medieval-Bash/Saved/Autosaves/Game/Maps/Battle_areana_Auto1.umap'
[2017.09.06-23.37.39:779][243]LogSavePackage: Display: Finished SavePackage C:/Unreal Medevil bash/Medieval-Bash/Saved/Autosaves/Game/Maps/Battle_areana_Auto1.umap
[2017.09.06-23.37.39:799][243]LogFileHelpers: Editor autosave (incl. sublevels) for '/Game/Maps/Battle_areana' took 0.368
[2017.09.06-23.37.39:799][243]LogFileHelpers: Editor autosave (incl. sublevels) for all levels took 0.368
[2017.09.06-23.37.39:801][243]OBJ SavePackage: Generating thumbnails for [0] asset(s) in package [/Game/Maps/Battle_areana_BuiltData] ([1] browsable assets)...
[2017.09.06-23.37.39:801][243]OBJ SavePackage: Finished generating thumbnails for package [/Game/Maps/Battle_areana_BuiltData]
[2017.09.06-23.37.39:801][243]Cmd: OBJ SAVEPACKAGE PACKAGE="/Game/Maps/Battle_areana_BuiltData" FILE="C:/Unreal Medevil bash/Medieval-Bash/Saved/Autosaves/Game/Maps/Battle_areana_BuiltData_Auto1.uasset" SILENT=false AUTOSAVING=true
[2017.09.06-23.37.39:892][243]LogSavePackage: Save=60.49ms
[2017.09.06-23.37.39:892][243]LogSavePackage: Moving 'C:/Unreal Medevil bash/Medieval-Bash/Saved/Battle_areana_BuiltData_Auto180AADEA9446F5C0A229EEE9AA05A3276.tmp' to 'C:/Unreal Medevil bash/Medieval-Bash/Saved/Autosaves/Game/Maps/Battle_areana_BuiltData_Auto1.uasset'
[2017.09.06-23.37.39:898][243]LogSavePackage: Display: Finished SavePackage C:/Unreal Medevil bash/Medieval-Bash/Saved/Autosaves/Game/Maps/Battle_areana_BuiltData_Auto1.uasset
[2017.09.06-23.37.39:898][243]LogFileHelpers: Auto-saving content packages took 0.099
[2017.09.06-23.38.52:468][741]Cmd: OBJ SAVEPACKAGE PACKAGE="/Game/Maps/Battle_areana" FILE="C:/Unreal Medevil bash/Medieval-Bash/Content/Maps/Battle_areana.umap" SILENT=true AUTOSAVING=false KEEPDIRTY=false
[2017.09.06-23.38.52:678][741]LogSavePackage: Save=181.89ms
[2017.09.06-23.38.52:678][741]LogSavePackage: Moving 'C:/Unreal Medevil bash/Medieval-Bash/Saved/Battle_areana7B6FF0A140D67AFA402AB2AAEFFFAC30.tmp' to 'C:/Unreal Medevil bash/Medieval-Bash/Content/Maps/Battle_areana.umap'
[2017.09.06-23.38.52:682][741]LogSavePackage: Display: Finished SavePackage C:/Unreal Medevil bash/Medieval-Bash/Content/Maps/Battle_areana.umap
[2017.09.06-23.38.52:700][741]LogFileHelpers: Saving map 'Battle_areana' took 0.347
[2017.09.06-23.38.52:703][741]Cmd: OBJ SAVEPACKAGE PACKAGE="/Game/Maps/Battle_areana_BuiltData" FILE="C:/Unreal Medevil bash/Medieval-Bash/Content/Maps/Battle_areana_BuiltData.uasset" SILENT=true
[2017.09.06-23.38.52:819][741]LogSavePackage: Save=98.95ms
[2017.09.06-23.38.52:819][741]LogSavePackage: Moving 'C:/Unreal Medevil bash/Medieval-Bash/Saved/Battle_areana_BuiltData78272F16423A55827AD3C5875895ABEC.tmp' to 'C:/Unreal Medevil bash/Medieval-Bash/Content/Maps/Battle_areana_BuiltData.uasset'
[2017.09.06-23.38.52:822][741]LogSavePackage: Display: Finished SavePackage C:/Unreal Medevil bash/Medieval-Bash/Content/Maps/Battle_areana_BuiltData.uasset
[2017.09.06-23.38.57:632][192]Cmd: QUIT_EDITOR
[2017.09.06-23.38.57:730][192]LogWindowsTextInputMethodSystem: Display: IME system now deactivated.
[2017.09.06-23.38.57:759][192]LogExit: Preparing to exit.
[2017.09.06-23.38.58:402][192]LogExit: Editor shut down
[2017.09.06-23.38.58:409][192]LogExit: Transaction tracking system shut down
[2017.09.06-23.38.58:589][192]LogDirectoryWatcher: A directory notification for '../../../Engine/Content/' was aborted.
[2017.09.06-23.38.58:589][192]LogDirectoryWatcher: A directory notification for 'C:/Unreal Medevil bash/Medieval-Bash/Content/' was aborted.
[2017.09.06-23.38.58:589][192]LogDirectoryWatcher: A directory notification for '../../../Engine/Plugins/2D/Paper2D/Content/' was aborted.
[2017.09.06-23.38.58:589][192]LogDirectoryWatcher: A directory notification for '../../../Engine/Plugins/Runtime/Oculus/OculusVR/Content/' was aborted.
[2017.09.06-23.38.58:589][192]LogDirectoryWatcher: A directory notification for '../../../Engine/Plugins/Runtime/Steam/SteamVR/Content/' was aborted.
[2017.09.06-23.38.59:053][192]LogExit: Object subsystem successfully closed.
[2017.09.06-23.38.59:120][192]LogD3D11RHI: Shutdown
[2017.09.06-23.38.59:135][192]LogD3D11RHI: CleanupD3DDevice
[2017.09.06-23.38.59:293][192]LogD3D11RHI: ~FD3D11DynamicRHI
[2017.09.06-23.38.59:523][192]LogModuleManager: Shutting down and abandoning module HierarchicalLODOutliner (530)
[2017.09.06-23.38.59:523][192]LogModuleManager: Shutting down and abandoning module SceneOutliner (528)
[2017.09.06-23.38.59:523][192]LogModuleManager: Shutting down and abandoning module AddContentDialog (526)
[2017.09.06-23.38.59:523][192]LogDirectoryWatcher: A directory notification for 'E:/Unreal Engine/UE_4.17/FeaturePacks/' was aborted.
[2017.09.06-23.38.59:524][192]LogModuleManager: Shutting down and abandoning module WidgetCarousel (525)
[2017.09.06-23.38.59:524][192]LogModuleManager: Shutting down and abandoning module EditorWidgets (522)
[2017.09.06-23.38.59:524][192]LogModuleManager: Shutting down and abandoning module CollectionManager (520)
[2017.09.06-23.38.59:524][192]LogDirectoryWatcher: A directory notification for 'C:/Unreal Medevil bash/Medieval-Bash/Content/Collections/' was aborted.
[2017.09.06-23.38.59:524][192]LogDirectoryWatcher: A directory notification for 'C:/Unreal Medevil bash/Medieval-Bash/Content/Developers/Robbie/Collections/' was aborted.
[2017.09.06-23.38.59:524][192]LogDirectoryWatcher: A directory notification for 'C:/Unreal Medevil bash/Medieval-Bash/Saved/Collections/' was aborted.
[2017.09.06-23.38.59:524][192]LogModuleManager: Shutting down and abandoning module StatsViewer (518)
[2017.09.06-23.38.59:524][192]LogModuleManager: Shutting down and abandoning module FoliageEdit (516)
[2017.09.06-23.38.59:524][192]LogModuleManager: Shutting down and abandoning module LandscapeEditor (514)
[2017.09.06-23.38.59:524][192]LogModuleManager: Shutting down and abandoning module MeshPaintMode (512)
[2017.09.06-23.38.59:524][192]LogModuleManager: Shutting down and abandoning module SceneDepthPickerMode (510)
[2017.09.06-23.38.59:524][192]LogModuleManager: Shutting down and abandoning module ActorPickerMode (508)
[2017.09.06-23.38.59:524][192]LogModuleManager: Shutting down and abandoning module GeometryMode (506)
[2017.09.06-23.38.59:524][192]LogModuleManager: Shutting down and abandoning module TextureAlignMode (504)
[2017.09.06-23.38.59:524][192]LogModuleManager: Shutting down and abandoning module BspMode (502)
[2017.09.06-23.38.59:524][192]LogModuleManager: Shutting down and abandoning module PIEPreviewDeviceProfileSelector (500)
[2017.09.06-23.38.59:524][192]LogModuleManager: Shutting down and abandoning module HardwareSurvey (498)
[2017.09.06-23.38.59:524][192]LogModuleManager: Shutting down and abandoning module SequenceRecorderSections (496)
[2017.09.06-23.38.59:524][192]LogModuleManager: Shutting down and abandoning module AutomationWorker (494)
[2017.09.06-23.38.59:524][192]LogModuleManager: Shutting down and abandoning module MatineeToLevelSequence (492)
[2017.09.06-23.38.59:524][192]LogModuleManager: Shutting down and abandoning module LevelSequenceEditor (490)
[2017.09.06-23.38.59:547][192]LogModuleManager: Shutting down and abandoning module PlacementMode (489)
[2017.09.06-23.38.59:547][192]LogModuleManager: Shutting down and abandoning module WmfMediaFactory (486)
[2017.09.06-23.38.59:547][192]LogModuleManager: Shutting down and abandoning module WmfMediaEditor (484)
[2017.09.06-23.38.59:547][192]LogModuleManager: Shutting down and abandoning module AvfMediaFactory (482)
[2017.09.06-23.38.59:547][192]LogModuleManager: Shutting down and abandoning module AvfMediaEditor (480)
[2017.09.06-23.38.59:547][192]LogModuleManager: Shutting down and abandoning module AndroidMediaFactory (478)
[2017.09.06-23.38.59:547][192]LogModuleManager: Shutting down and abandoning module Media (477)
[2017.09.06-23.38.59:547][192]LogModuleManager: Shutting down and abandoning module AndroidMediaEditor (474)
[2017.09.06-23.38.59:547][192]LogModuleManager: Shutting down and abandoning module CharacterAI (472)
[2017.09.06-23.38.59:547][192]LogModuleManager: Shutting down and abandoning module AudioCapture (470)
[2017.09.06-23.38.59:547][192]LogModuleManager: Shutting down and abandoning module SequenceRecorder (469)
[2017.09.06-23.38.59:547][192]LogModuleManager: Shutting down and abandoning module SmartSnapping (466)
[2017.09.06-23.38.59:547][192]LogModuleManager: Shutting down and abandoning module SessionServices (464)
[2017.09.06-23.38.59:547][192]LogModuleManager: Shutting down and abandoning module ViewportSnapping (462)
[2017.09.06-23.38.59:547][192]LogModuleManager: Shutting down and abandoning module ViewportInteraction (460)
[2017.09.06-23.38.59:547][192]LogModuleManager: Shutting down and abandoning module ClothPainter (458)
[2017.09.06-23.38.59:553][192]LogModuleManager: Shutting down and abandoning module LogVisualizer (456)
[2017.09.06-23.38.59:553][192]LogModuleManager: Shutting down and abandoning module IntroTutorials (454)
[2017.09.06-23.38.59:553][192]LogModuleManager: Shutting down and abandoning module GameProjectGeneration (453)
[2017.09.06-23.38.59:554][192]LogModuleManager: Shutting down and abandoning module IOSPlatformEditor (450)
[2017.09.06-23.38.59:554][192]LogModuleManager: Shutting down and abandoning module HTML5PlatformEditor (448)
[2017.09.06-23.38.59:554][192]LogModuleManager: Shutting down and abandoning module AndroidPlatformEditor (446)
[2017.09.06-23.38.59:554][192]LogModuleManager: Shutting down and abandoning module AndroidDeviceDetection (445)
[2017.09.06-23.39.00:062][192]LogModuleManager: Shutting down and abandoning module WindowsPlatformEditor (442)
[2017.09.06-23.39.00:062][192]LogModuleManager: Shutting down and abandoning module IOSRuntimeSettings (440)
[2017.09.06-23.39.00:062][192]LogModuleManager: Shutting down and abandoning module AndroidRuntimeSettings (438)
[2017.09.06-23.39.00:062][192]LogModuleManager: Shutting down and abandoning module InputBindingEditor (436)
[2017.09.06-23.39.00:072][192]LogModuleManager: Shutting down and abandoning module MergeActors (434)
[2017.09.06-23.39.00:085][192]LogModuleManager: Shutting down and abandoning module SizeMap (432)
[2017.09.06-23.39.00:085][192]LogModuleManager: Shutting down and abandoning module TreeMap (430)
[2017.09.06-23.39.00:085][192]LogModuleManager: Shutting down and abandoning module ReferenceViewer (428)
[2017.09.06-23.39.00:085][192]LogModuleManager: Shutting down and abandoning module LocalizationDashboard (426)
[2017.09.06-23.39.00:093][192]LogModuleManager: Shutting down and abandoning module LocalizationService (425)
[2017.09.06-23.39.00:093][192]LogModuleManager: Shutting down and abandoning module HardwareTargeting (422)
[2017.09.06-23.39.00:093][192]LogModuleManager: Shutting down and abandoning module DeviceProfileEditor (420)
[2017.09.06-23.39.00:093][192]LogModuleManager: Shutting down and abandoning module UndoHistory (418)
[2017.09.06-23.39.00:093][192]LogModuleManager: Shutting down and abandoning module XmlParser (416)
[2017.09.06-23.39.00:093][192]LogModuleManager: Shutting down and abandoning module Blutility (414)
[2017.09.06-23.39.00:093][192]LogModuleManager: Shutting down and abandoning module ProjectSettingsViewer (412)
[2017.09.06-23.39.00:093][192]LogModuleManager: Shutting down and abandoning module ProjectTargetPlatformEditor (411)
[2017.09.06-23.39.00:094][192]LogModuleManager: Shutting down and abandoning module EditorSettingsViewer (408)
[2017.09.06-23.39.00:094][192]LogModuleManager: Shutting down and abandoning module SettingsEditor (406)
[2017.09.06-23.39.00:103][192]LogModuleManager: Shutting down and abandoning module ProjectLauncher (404)
[2017.09.06-23.39.00:112][192]LogModuleManager: Shutting down and abandoning module SessionFrontend (402)
[2017.09.06-23.39.00:112][192]LogModuleManager: Shutting down and abandoning module ProfilerClient (400)
[2017.09.06-23.39.00:125][192]LogModuleManager: Shutting down and abandoning module DeviceManager (398)
[2017.09.06-23.39.00:126][192]LogModuleManager: Shutting down and abandoning module TargetDeviceServices (397)
[2017.09.06-23.39.00:178][192]LogModuleManager: Shutting down and abandoning module AutomationController (394)
[2017.09.06-23.39.00:178][192]LogModuleManager: Shutting down and abandoning module AutomationWindow (392)
[2017.09.06-23.39.00:199][192]LogModuleManager: Shutting down and abandoning module Layers (390)
[2017.09.06-23.39.00:224][192]LogModuleManager: Shutting down and abandoning module ComponentVisualizers (388)
[2017.09.06-23.39.00:224][192]LogModuleManager: Shutting down and abandoning module DetailCustomizations (386)
[2017.09.06-23.39.00:224][192]LogModuleManager: Shutting down and abandoning module PackagesDialog (384)
[2017.09.06-23.39.00:225][192]LogModuleManager: Shutting down and abandoning module Persona (382)
[2017.09.06-23.39.00:236][192]LogModuleManager: Shutting down and abandoning module AdvancedPreviewScene (381)
[2017.09.06-23.39.00:236][192]LogModuleManager: Shutting down and abandoning module AnimGraph (379)
[2017.09.06-23.39.00:236][192]LogModuleManager: Shutting down and abandoning module Kismet (376)
[2017.09.06-23.39.00:237][192]LogModuleManager: Shutting down and abandoning module ClassViewer (374)
[2017.09.06-23.39.00:237][192]LogModuleManager: Shutting down and abandoning module Toolbox (372)
[2017.09.06-23.39.00:237][192]LogModuleManager: Shutting down and abandoning module ModuleUI (370)
[2017.09.06-23.39.00:247][192]LogModuleManager: Shutting down and abandoning module MovieSceneTools (368)
[2017.09.06-23.39.00:248][192]LogModuleManager: Shutting down and abandoning module OutputLog (366)
[2017.09.06-23.39.00:248][192]LogModuleManager: Shutting down and abandoning module GammaUI (364)
[2017.09.06-23.39.00:261][192]LogModuleManager: Shutting down and abandoning module Documentation (362)
[2017.09.06-23.39.00:261][192]LogModuleManager: Shutting down and abandoning module MovieSceneTracks (360)
[2017.09.06-23.39.00:261][192]LogModuleManager: Shutting down and abandoning module MovieScene (358)
[2017.09.06-23.39.00:261][192]LogModuleManager: Shutting down and abandoning module Niagara (356)
[2017.09.06-23.39.00:261][192]LogModuleManager: Shutting down and abandoning module NiagaraEditor (355)
[2017.09.06-23.39.00:262][192]LogModuleManager: Shutting down and abandoning module StreamingPauseRendering (352)
[2017.09.06-23.39.00:262][192]LogModuleManager: Shutting down and abandoning module LauncherPlatform (350)
[2017.09.06-23.39.00:262][192]LogModuleManager: Shutting down and abandoning module AnalyticsET (348)
[2017.09.06-23.39.00:262][192]LogModuleManager: Shutting down and abandoning module PortalServices (346)
[2017.09.06-23.39.00:262][192]LogModuleManager: Shutting down and abandoning module PortalRpc (344)
[2017.09.06-23.39.00:262][192]LogModuleManager: Shutting down and abandoning module MessagingRpc (342)
[2017.09.06-23.39.00:262][192]LogModuleManager: Shutting down and abandoning module AIModule (340)
[2017.09.06-23.39.00:262][192]LogModuleManager: Shutting down and abandoning module GameplayDebugger (339)
[2017.09.06-23.39.00:262][192]LogModuleManager: Shutting down and abandoning module AITestSuite (337)
[2017.09.06-23.39.00:262][192]LogModuleManager: Shutting down and abandoning module ProfilerService (334)
[2017.09.06-23.39.00:338][192]LogModuleManager: Shutting down and abandoning module TaskGraph (332)
[2017.09.06-23.39.00:338][192]LogModuleManager: Shutting down and abandoning module SteamVRController (330)
[2017.09.06-23.39.00:338][192]LogModuleManager: Shutting down and abandoning module ProceduralMeshComponentEditor (328)
[2017.09.06-23.39.00:338][192]LogModuleManager: Shutting down and abandoning module ProceduralMeshComponent (326)
[2017.09.06-23.39.00:339][192]LogModuleManager: Shutting down and abandoning module OculusInput (324)
[2017.09.06-23.39.00:339][192]LogModuleManager: Shutting down and abandoning module MobilePatchingUtils (322)
[2017.09.06-23.39.00:339][192]LogModuleManager: Shutting down and abandoning module CustomMeshComponent (320)
[2017.09.06-23.39.00:339][192]LogModuleManager: Shutting down and abandoning module CableComponent (318)
[2017.09.06-23.39.00:339][192]LogModuleManager: Shutting down and abandoning module ArchVisCharacter (316)
[2017.09.06-23.39.00:339][192]LogModuleManager: Shutting down and abandoning module AndroidPermission (314)
[2017.09.06-23.39.00:339][192]LogModuleManager: Shutting down and abandoning module MediaPlayerEditor (310)
[2017.09.06-23.39.00:349][192]LogModuleManager: Shutting down and abandoning module HTML5Networking (308)
[2017.09.06-23.39.00:349][192]LogModuleManager: Shutting down and abandoning module AlembicImporter (306)
[2017.09.06-23.39.00:350][192]LogModuleManager: Shutting down and abandoning module AlembicLibrary (305)
[2017.09.06-23.39.00:350][192]LogModuleManager: Shutting down and abandoning module GeometryCache (304)
[2017.09.06-23.39.00:350][192]LogModuleManager: Shutting down and abandoning module GeometryCacheEd (303)
[2017.09.06-23.39.00:350][192]LogModuleManager: Shutting down and abandoning module SpeedTreeImporter (298)
[2017.09.06-23.39.00:350][192]LogModuleManager: Shutting down and abandoning module PluginBrowser (296)
[2017.09.06-23.39.00:350][192]LogModuleManager: Shutting down and abandoning module MobileLauncherProfileWizard (294)
[2017.09.06-23.39.00:355][192]LogModuleManager: Shutting down and abandoning module VisualStudioSourceCodeAccess (292)
[2017.09.06-23.39.00:355][192]LogModuleManager: Shutting down and abandoning module DesktopPlatform (291)
[2017.09.06-23.39.00:355][192]LogModuleManager: Shutting down and abandoning module UObjectPlugin (288)
[2017.09.06-23.39.00:355][192]LogModuleManager: Shutting down and abandoning module SubversionSourceControl (286)
[2017.09.06-23.39.00:355][192]LogModuleManager: Shutting down and abandoning module PerforceSourceControl (284)
[2017.09.06-23.39.00:355][192]LogModuleManager: Shutting down and abandoning module GitSourceControl (282)
[2017.09.06-23.39.00:355][192]LogModuleManager: Shutting down and abandoning module SourceControl (281)
[2017.09.06-23.39.00:355][192]LogModuleManager: Shutting down and abandoning module LightPropagationVolumeEditor (278)
[2017.09.06-23.39.00:355][192]LogModuleManager: Shutting down and abandoning module PaperTiledImporter (276)
[2017.09.06-23.39.00:355][192]LogModuleManager: Shutting down and abandoning module PaperSpriteSheetImporter (274)
[2017.09.06-23.39.00:355][192]LogModuleManager: Shutting down and abandoning module Paper2DEditor (272)
[2017.09.06-23.39.00:355][192]LogModuleManager: Shutting down and abandoning module MeshPaint (271)
[2017.09.06-23.39.00:356][192]LogModuleManager: Shutting down and abandoning module LevelEditor (269)
[2017.09.06-23.39.00:356][192]LogModuleManager: Shutting down and abandoning module PixelInspectorModule (268)
[2017.09.06-23.39.00:356][192]LogModuleManager: Shutting down and abandoning module MainFrame (266)
[2017.09.06-23.39.00:356][192]LogModuleManager: Shutting down and abandoning module HotReload (265)
[2017.09.06-23.39.00:357][192]LogModuleManager: Shutting down and abandoning module RuntimePhysXCooking (260)
[2017.09.06-23.39.00:357][192]LogModuleManager: Shutting down and abandoning module PhysXVehiclesEditor (258)
[2017.09.06-23.39.00:357][192]LogModuleManager: Shutting down and abandoning module PhysXVehicles (256)
[2017.09.06-23.39.00:357][192]LogModuleManager: Shutting down and abandoning module OculusEditor (254)
[2017.09.06-23.39.00:357][192]LogModuleManager: Shutting down and abandoning module LocationServicesBPLibrary (252)
[2017.09.06-23.39.00:357][192]LogModuleManager: Shutting down and abandoning module ImmediatePhysicsEditor (250)
[2017.09.06-23.39.00:357][192]LogModuleManager: Shutting down and abandoning module ImmediatePhysics (248)
[2017.09.06-23.39.00:357][192]LogModuleManager: Shutting down and abandoning module UdpMessaging (246)
[2017.09.06-23.39.00:457][192]LogModuleManager: Shutting down and abandoning module TcpMessaging (244)
[2017.09.06-23.39.00:558][192]LogModuleManager: Shutting down and abandoning module GameplayTagsEditor (242)
[2017.09.06-23.39.00:558][192]LogModuleManager: Shutting down and abandoning module FacialAnimationEditor (240)
[2017.09.06-23.39.00:558][192]LogModuleManager: Shutting down and abandoning module FacialAnimation (238)
[2017.09.06-23.39.00:558][192]LogModuleManager: Shutting down and abandoning module AssetManagerEditor (236)
[2017.09.06-23.39.00:558][192]LogModuleManager: Shutting down and abandoning module GraphEditor (235)
[2017.09.06-23.39.00:576][192]LogModuleManager: Shutting down and abandoning module ContentBrowser (233)
[2017.09.06-23.39.00:577][192]LogModuleManager: Shutting down and abandoning module LightPropagationVolumeRuntime (230)
[2017.09.06-23.39.00:577][192]LogModuleManager: Shutting down and abandoning module Paper2D (228)
[2017.09.06-23.39.00:577][192]LogModuleManager: Shutting down and abandoning module WindowsMoviePlayer (226)
[2017.09.06-23.39.00:577][192]LogModuleManager: Shutting down and abandoning module WmfMedia (224)
[2017.09.06-23.39.00:577][192]LogModuleManager: Shutting down and abandoning module PacketHandler (222)
[2017.09.06-23.39.00:577][192]LogModuleManager: Shutting down and abandoning module ClothingSystemEditor (220)
[2017.09.06-23.39.00:577][192]LogModuleManager: Shutting down and abandoning module ClothingSystemRuntime (218)
[2017.09.06-23.39.00:588][192]LogModuleManager: Shutting down and abandoning module Overlay (216)
[2017.09.06-23.39.00:588][192]LogModuleManager: Shutting down and abandoning module OverlayEditor (215)
[2017.09.06-23.39.00:588][192]LogModuleManager: Shutting down and abandoning module MediaAssets (212)
[2017.09.06-23.39.00:588][192]LogModuleManager: Shutting down and abandoning module VREditor (210)
[2017.09.06-23.39.00:594][192]LogModuleManager: Shutting down and abandoning module StringTableEditor (208)
[2017.09.06-23.39.00:594][192]LogModuleManager: Shutting down and abandoning module GameplayTasksEditor (206)
[2017.09.06-23.39.00:594][192]LogModuleManager: Shutting down and abandoning module BehaviorTreeEditor (204)
[2017.09.06-23.39.00:606][192]LogModuleManager: Shutting down and abandoning module FunctionalTesting (202)
[2017.09.06-23.39.00:606][192]LogModuleManager: Shutting down and abandoning module CollisionAnalyzer (200)
[2017.09.06-23.39.00:606][192]LogModuleManager: Shutting down and abandoning module WorkspaceMenuStructure (199)
[2017.09.06-23.39.00:606][192]LogModuleManager: Shutting down and abandoning module UMG (196)
[2017.09.06-23.39.00:618][192]LogModuleManager: Shutting down and abandoning module UMGEditor (195)
[2017.09.06-23.39.00:631][192]LogModuleManager: Shutting down and abandoning module Sequencer (194)
[2017.09.06-23.39.00:646][192]LogModuleManager: Shutting down and abandoning module MessageLog (191)
[2017.09.06-23.39.00:646][192]LogModuleManager: Shutting down and abandoning module SlateReflector (186)
[2017.09.06-23.39.00:659][192]LogModuleManager: Shutting down and abandoning module Slate (184)
[2017.09.06-23.39.00:659][192]LogModuleManager: Shutting down and abandoning module EditorStyle (182)
[2017.09.06-23.39.00:661][192]LogModuleManager: Shutting down and abandoning module MRMesh (180)
[2017.09.06-23.39.00:661][192]LogModuleManager: Shutting down and abandoning module SourceCodeAccess (178)
[2017.09.06-23.39.00:661][192]LogModuleManager: Shutting down and abandoning module HeadMountedDisplay (176)
[2017.09.06-23.39.00:661][192]LogModuleManager: Shutting down and abandoning module XAudio2 (174)
[2017.09.06-23.39.00:661][192]LogModuleManager: Shutting down and abandoning module Networking (172)
[2017.09.06-23.39.00:661][192]LogModuleManager: Shutting down and abandoning module Core (168)
[2017.09.06-23.39.00:661][192]LogModuleManager: Shutting down and abandoning module KismetCompiler (164)
[2017.09.06-23.39.00:661][192]LogModuleManager: Shutting down and abandoning module LevelSequence (162)
[2017.09.06-23.39.00:661][192]LogModuleManager: Shutting down and abandoning module MeshUtilities (160)
[2017.09.06-23.39.00:676][192]LogModuleManager: Shutting down and abandoning module MeshMergeUtilities (159)
[2017.09.06-23.39.00:687][192]LogModuleManager: Shutting down and abandoning module MeshReductionInterface (158)
[2017.09.06-23.39.00:687][192]LogModuleManager: Shutting down and abandoning module SimplygonSwarm (157)
[2017.09.06-23.39.00:694][192]LogModuleManager: Shutting down and abandoning module SimplygonMeshReduction (155)
[2017.09.06-23.39.00:694][192]LogModuleManager: Shutting down and abandoning module QuadricMeshReduction (153)
[2017.09.06-23.39.00:694][192]LogModuleManager: Shutting down and abandoning module MaterialBaking (149)
[2017.09.06-23.39.00:694][192]LogModuleManager: Shutting down and abandoning module DirectoryWatcher (146)
[2017.09.06-23.39.00:695][192]LogModuleManager: Shutting down and abandoning module DerivedDataCache (144)
[2017.09.06-23.39.00:782][192]LogDerivedDataCache: Shutdown
[2017.09.06-23.39.00:782][192]LogModuleManager: Shutting down and abandoning module TargetPlatform (142)
[2017.09.06-23.39.00:782][192]LogModuleManager: Shutting down and abandoning module VulkanShaderFormat (141)
[2017.09.06-23.39.00:782][192]LogModuleManager: Shutting down and abandoning module ShaderFormatVectorVM (139)
[2017.09.06-23.39.00:785][192]LogModuleManager: Shutting down and abandoning module ShaderFormatOpenGL (137)
[2017.09.06-23.39.00:793][192]LogModuleManager: Shutting down and abandoning module ShaderFormatD3D (135)
[2017.09.06-23.39.00:793][192]LogModuleManager: Shutting down and abandoning module MetalShaderFormat (133)
[2017.09.06-23.39.00:803][192]LogModuleManager: Shutting down and abandoning module TextureFormatUncompressed (131)
[2017.09.06-23.39.00:803][192]LogModuleManager: Shutting down and abandoning module TextureFormatPVR (129)
[2017.09.06-23.39.00:803][192]LogModuleManager: Shutting down and abandoning module TextureFormatDXT (127)
[2017.09.06-23.39.00:803][192]LogModuleManager: Shutting down and abandoning module TextureFormatIntelISPCTexComp (125)
[2017.09.06-23.39.00:803][192]LogModuleManager: Shutting down and abandoning module TextureFormatASTC (123)
[2017.09.06-23.39.00:803][192]LogModuleManager: Shutting down and abandoning module ImageWrapper (122)
[2017.09.06-23.39.00:803][192]LogModuleManager: Shutting down and abandoning module TextureFormatAndroid (119)
[2017.09.06-23.39.00:803][192]LogModuleManager: Shutting down and abandoning module AudioFormatOpus (117)
[2017.09.06-23.39.00:803][192]LogModuleManager: Shutting down and abandoning module AudioFormatOgg (115)
[2017.09.06-23.39.00:803][192]LogModuleManager: Shutting down and abandoning module AudioFormatADPCM (113)
[2017.09.06-23.39.00:803][192]LogModuleManager: Shutting down and abandoning module LinuxTargetPlatform (111)
[2017.09.06-23.39.00:803][192]LogModuleManager: Shutting down and abandoning module LinuxServerTargetPlatform (109)
[2017.09.06-23.39.00:803][192]LogModuleManager: Shutting down and abandoning module LinuxNoEditorTargetPlatform (107)
[2017.09.06-23.39.00:803][192]LogModuleManager: Shutting down and abandoning module LinuxClientTargetPlatform (105)
[2017.09.06-23.39.00:803][192]LogModuleManager: Shutting down and abandoning module TVOSTargetPlatform (103)
[2017.09.06-23.39.00:803][192]LogModuleManager: Shutting down and abandoning module Messaging (101)
[2017.09.06-23.39.00:803][192]LogModuleManager: Shutting down and abandoning module IOSTargetPlatform (99)
[2017.09.06-23.39.00:803][192]LogModuleManager: Shutting down and abandoning module HTML5TargetPlatform (97)
[2017.09.06-23.39.00:803][192]LogModuleManager: Shutting down and abandoning module Android_PVRTCTargetPlatform (95)
[2017.09.06-23.39.00:804][192]LogModuleManager: Shutting down and abandoning module Android_MultiTargetPlatform (93)
[2017.09.06-23.39.00:804][192]LogModuleManager: Shutting down and abandoning module Android_ETC2TargetPlatform (91)
[2017.09.06-23.39.00:804][192]LogModuleManager: Shutting down and abandoning module Android_ETC1TargetPlatform (89)
[2017.09.06-23.39.00:804][192]LogModuleManager: Shutting down and abandoning module Android_DXTTargetPlatform (87)
[2017.09.06-23.39.00:804][192]LogModuleManager: Shutting down and abandoning module Android_ATCTargetPlatform (85)
[2017.09.06-23.39.00:804][192]LogModuleManager: Shutting down and abandoning module Android_ASTCTargetPlatform (83)
[2017.09.06-23.39.00:804][192]LogModuleManager: Shutting down and abandoning module AndroidTargetPlatform (81)
[2017.09.06-23.39.00:804][192]LogModuleManager: Shutting down and abandoning module WindowsTargetPlatform (79)
[2017.09.06-23.39.00:804][192]LogModuleManager: Shutting down and abandoning module WindowsServerTargetPlatform (77)
[2017.09.06-23.39.00:804][192]LogModuleManager: Shutting down and abandoning module WindowsNoEditorTargetPlatform (75)
[2017.09.06-23.39.00:804][192]LogModuleManager: Shutting down and abandoning module WindowsClientTargetPlatform (73)
[2017.09.06-23.39.00:804][192]LogModuleManager: Shutting down and abandoning module MacTargetPlatform (71)
[2017.09.06-23.39.00:804][192]LogModuleManager: Shutting down and abandoning module MacServerTargetPlatform (69)
[2017.09.06-23.39.00:804][192]LogModuleManager: Shutting down and abandoning module MacNoEditorTargetPlatform (67)
[2017.09.06-23.39.00:804][192]LogModuleManager: Shutting down and abandoning module MacClientTargetPlatform (65)
[2017.09.06-23.39.00:804][192]LogModuleManager: Shutting down and abandoning module AllDesktopTargetPlatform (63)
[2017.09.06-23.39.00:804][192]LogModuleManager: Shutting down and abandoning module InputCore (60)
[2017.09.06-23.39.00:804][192]LogModuleManager: Shutting down and abandoning module Settings (58)
[2017.09.06-23.39.00:804][192]LogModuleManager: Shutting down and abandoning module PhysXCooking (56)
[2017.09.06-23.39.00:804][192]LogModuleManager: Shutting down and abandoning module SteamVR (54)
[2017.09.06-23.39.00:804][192]LogModuleManager: Shutting down and abandoning module OculusHMD (52)
[2017.09.06-23.39.00:804][192]LogModuleManager: Shutting down and abandoning module ExampleDeviceProfileSelector (50)
[2017.09.06-23.39.00:804][192]LogModuleManager: Shutting down and abandoning module OnlineBlueprintSupport (48)
[2017.09.06-23.39.00:804][192]LogModuleManager: Shutting down and abandoning module OnlineSubsystem (44)
[2017.09.06-23.39.00:804][192]LogOnline: Display: Unloading online subsystem: NULL
[2017.09.06-23.39.00:819][192]LogModuleManager: Shutting down and abandoning module XMPP (43)
[2017.09.06-23.39.00:830][192]LogModuleManager: Shutting down and abandoning module HTTP (41)
[2017.09.06-23.39.00:830][192]LogHttp: Display: Http module shutting down, but needs to wait on 1 outstanding Http requests:
[2017.09.06-23.39.00:830][192]LogHttp: Display: 	verb=[POST] url=[https://datarouter.ol.epicgames.com/datarouter/api/v1/public/data?SessionID=%7B328E69FA-4B0D-3518-6811-4984F68D4B88%7D&AppID=UEEditor.Rocket.Release&AppVersion=4.17.1-3586342%2B%2B%2BUE4%2BRelease-4.17&UserID=9283f5a747a7d8fa77ca7d8927d16ef1%7Cc7ee7518ba254189b7d2dc13474def39%7C08485130-3dd0-4995-9521-c36738e0f567&AppEnvironment=datacollector-binary&UploadType=eteventstream] status=Processing
[2017.09.06-23.39.00:851][192]LogModuleManager: Shutting down and abandoning module SSL (40)
[2017.09.06-23.39.00:852][192]LogModuleManager: Shutting down and abandoning module AnimationModifiers (36)
[2017.09.06-23.39.00:852][192]LogModuleManager: Shutting down and abandoning module PropertyEditor (35)
[2017.09.06-23.39.00:852][192]LogModuleManager: Shutting down and abandoning module AudioEditor (32)
[2017.09.06-23.39.00:861][192]LogModuleManager: Shutting down and abandoning module TextureCompressor (30)
[2017.09.06-23.39.00:861][192]LogModuleManager: Shutting down and abandoning module ShaderCore (28)
[2017.09.06-23.39.00:861][192]LogModuleManager: Shutting down and abandoning module Landscape (26)
[2017.09.06-23.39.00:861][192]LogModuleManager: Shutting down and abandoning module SlateRHIRenderer (24)
[2017.09.06-23.39.00:870][192]LogModuleManager: Shutting down and abandoning module OpenGLDrv (22)
[2017.09.06-23.39.00:880][192]LogModuleManager: Shutting down and abandoning module D3D11RHI (20)
[2017.09.06-23.39.00:880][192]LogModuleManager: Shutting down and abandoning module AnimGraphRuntime (18)
[2017.09.06-23.39.00:880][192]LogModuleManager: Shutting down and abandoning module Renderer (16)
[2017.09.06-23.39.00:880][192]LogModuleManager: Shutting down and abandoning module Engine (14)
[2017.09.06-23.39.00:880][192]LogModuleManager: Shutting down and abandoning module CoreUObject (12)
[2017.09.06-23.39.00:880][192]LogModuleManager: Shutting down and abandoning module NetworkFile (10)
[2017.09.06-23.39.00:880][192]LogModuleManager: Shutting down and abandoning module CookedIterativeFile (8)
[2017.09.06-23.39.00:880][192]LogModuleManager: Shutting down and abandoning module StreamingFile (6)
[2017.09.06-23.39.00:881][192]LogModuleManager: Shutting down and abandoning module SandboxFile (4)
[2017.09.06-23.39.00:881][192]LogModuleManager: Shutting down and abandoning module PakFile (2)
[2017.09.06-23.39.00:883][192]LogExit: Exiting.
[2017.09.06-23.39.00:892][192]Log file closed, 09/06/17 18:39:00
